   1/1105 [..............................] - ETA: 1:50:21 - loss: 5.1456 - accuracy: 0.0312
   2/1105 [..............................] - ETA: 17:49 - loss: 5.0523 - accuracy: 0.0312  
   3/1105 [..............................] - ETA: 18:31 - loss: 5.0131 - accuracy: 0.0260
   4/1105 [..............................] - ETA: 19:27 - loss: 5.0137 - accuracy: 0.0273
   5/1105 [..............................] - ETA: 19:32 - loss: 5.0424 - accuracy: 0.0250
   6/1105 [..............................] - ETA: 19:48 - loss: 5.0451 - accuracy: 0.0260
   7/1105 [..............................] - ETA: 20:17 - loss: 4.9719 - accuracy: 0.0290
   8/1105 [..............................] - ETA: 19:50 - loss: 4.9098 - accuracy: 0.0352
   9/1105 [..............................] - ETA: 19:57 - loss: 4.8666 - accuracy: 0.0382
  10/1105 [..............................] - ETA: 19:51 - loss: 4.8183 - accuracy: 0.0422
  11/1105 [..............................] - ETA: 19:42 - loss: 4.7798 - accuracy: 0.0469
  12/1105 [..............................] - ETA: 19:46 - loss: 4.7565 - accuracy: 0.0495
  13/1105 [..............................] - ETA: 19:41 - loss: 4.7136 - accuracy: 0.0529
  14/1105 [..............................] - ETA: 19:41 - loss: 4.7028 - accuracy: 0.0525
  15/1105 [..............................] - ETA: 19:29 - loss: 4.6967 - accuracy: 0.0531
  16/1105 [..............................] - ETA: 19:36 - loss: 4.6658 - accuracy: 0.0557
  17/1105 [..............................] - ETA: 19:28 - loss: 4.6303 - accuracy: 0.0588
  18/1105 [..............................] - ETA: 19:26 - loss: 4.5931 - accuracy: 0.0686
  19/1105 [..............................] - ETA: 19:33 - loss: 4.5716 - accuracy: 0.0715
  20/1105 [..............................] - ETA: 19:28 - loss: 4.5523 - accuracy: 0.0711
  21/1105 [..............................] - ETA: 19:28 - loss: 4.5281 - accuracy: 0.0759
  22/1105 [..............................] - ETA: 19:24 - loss: 4.5133 - accuracy: 0.0774
  23/1105 [..............................] - ETA: 19:26 - loss: 4.4978 - accuracy: 0.0795
  24/1105 [..............................] - ETA: 19:25 - loss: 4.4749 - accuracy: 0.0827
  25/1105 [..............................] - ETA: 19:23 - loss: 4.4523 - accuracy: 0.0850
  26/1105 [..............................] - ETA: 19:20 - loss: 4.4260 - accuracy: 0.0877
  27/1105 [..............................] - ETA: 19:19 - loss: 4.4079 - accuracy: 0.0885
  28/1105 [..............................] - ETA: 19:21 - loss: 4.3949 - accuracy: 0.0921
  29/1105 [..............................] - ETA: 19:16 - loss: 4.3790 - accuracy: 0.0932
  30/1105 [..............................] - ETA: 19:19 - loss: 4.3540 - accuracy: 0.0969
  31/1105 [..............................] - ETA: 19:19 - loss: 4.3368 - accuracy: 0.0998
  32/1105 [..............................] - ETA: 19:18 - loss: 4.3092 - accuracy: 0.1025
  33/1105 [..............................] - ETA: 19:16 - loss: 4.2918 - accuracy: 0.1051
  34/1105 [..............................] - ETA: 19:17 - loss: 4.2721 - accuracy: 0.1057
  35/1105 [..............................] - ETA: 19:18 - loss: 4.2542 - accuracy: 0.1107
  36/1105 [..............................] - ETA: 19:17 - loss: 4.2324 - accuracy: 0.1155
  37/1105 [>.............................] - ETA: 19:19 - loss: 4.2164 - accuracy: 0.1191
  38/1105 [>.............................] - ETA: 19:14 - loss: 4.1982 - accuracy: 0.1205
  39/1105 [>.............................] - ETA: 19:14 - loss: 4.1738 - accuracy: 0.1238
  40/1105 [>.............................] - ETA: 19:12 - loss: 4.1600 - accuracy: 0.1242
  41/1105 [>.............................] - ETA: 19:10 - loss: 4.1454 - accuracy: 0.1242
  42/1105 [>.............................] - ETA: 19:09 - loss: 4.1190 - accuracy: 0.1283
  43/1105 [>.............................] - ETA: 19:06 - loss: 4.1011 - accuracy: 0.1315
  44/1105 [>.............................] - ETA: 19:06 - loss: 4.0791 - accuracy: 0.1357
  45/1105 [>.............................] - ETA: 19:04 - loss: 4.0691 - accuracy: 0.1375
  46/1105 [>.............................] - ETA: 19:04 - loss: 4.0521 - accuracy: 0.1410
  47/1105 [>.............................] - ETA: 19:03 - loss: 4.0436 - accuracy: 0.1426
  48/1105 [>.............................] - ETA: 19:02 - loss: 4.0349 - accuracy: 0.1432
  49/1105 [>.............................] - ETA: 19:00 - loss: 4.0202 - accuracy: 0.1445
  50/1105 [>.............................] - ETA: 18:57 - loss: 4.0010 - accuracy: 0.1472
  51/1105 [>.............................] - ETA: 18:57 - loss: 3.9803 - accuracy: 0.1507
  52/1105 [>.............................] - ETA: 18:52 - loss: 3.9721 - accuracy: 0.1514
  53/1105 [>.............................] - ETA: 18:50 - loss: 3.9535 - accuracy: 0.1536
  54/1105 [>.............................] - ETA: 18:50 - loss: 3.9341 - accuracy: 0.1574
  55/1105 [>.............................] - ETA: 18:50 - loss: 3.9237 - accuracy: 0.1591
  56/1105 [>.............................] - ETA: 18:50 - loss: 3.9059 - accuracy: 0.1618
  57/1105 [>.............................] - ETA: 18:50 - loss: 3.8938 - accuracy: 0.1634
  58/1105 [>.............................] - ETA: 18:49 - loss: 3.8846 - accuracy: 0.1649
  59/1105 [>.............................] - ETA: 18:46 - loss: 3.8733 - accuracy: 0.1647
  60/1105 [>.............................] - ETA: 18:46 - loss: 3.8608 - accuracy: 0.1654
  61/1105 [>.............................] - ETA: 18:45 - loss: 3.8510 - accuracy: 0.1660
  62/1105 [>.............................] - ETA: 18:43 - loss: 3.8364 - accuracy: 0.1689
  63/1105 [>.............................] - ETA: 18:43 - loss: 3.8284 - accuracy: 0.1706
  64/1105 [>.............................] - ETA: 18:42 - loss: 3.8152 - accuracy: 0.1731
  65/1105 [>.............................] - ETA: 18:40 - loss: 3.8089 - accuracy: 0.1738
  66/1105 [>.............................] - ETA: 18:38 - loss: 3.8016 - accuracy: 0.1742
  67/1105 [>.............................] - ETA: 18:36 - loss: 3.7934 - accuracy: 0.1761
  68/1105 [>.............................] - ETA: 18:37 - loss: 3.7861 - accuracy: 0.1760
  69/1105 [>.............................] - ETA: 18:35 - loss: 3.7755 - accuracy: 0.1775
  70/1105 [>.............................] - ETA: 18:33 - loss: 3.7625 - accuracy: 0.1790
  71/1105 [>.............................] - ETA: 18:32 - loss: 3.7496 - accuracy: 0.1805
  72/1105 [>.............................] - ETA: 18:29 - loss: 3.7317 - accuracy: 0.1838
  73/1105 [>.............................] - ETA: 18:29 - loss: 3.7179 - accuracy: 0.1854
  74/1105 [=>............................] - ETA: 18:29 - loss: 3.7045 - accuracy: 0.1871
  75/1105 [=>............................] - ETA: 18:27 - loss: 3.6990 - accuracy: 0.1887
  76/1105 [=>............................] - ETA: 18:27 - loss: 3.6874 - accuracy: 0.1912
  77/1105 [=>............................] - ETA: 18:24 - loss: 3.6740 - accuracy: 0.1938
  78/1105 [=>............................] - ETA: 18:23 - loss: 3.6633 - accuracy: 0.1957
  79/1105 [=>............................] - ETA: 18:23 - loss: 3.6545 - accuracy: 0.1966
  80/1105 [=>............................] - ETA: 18:20 - loss: 3.6454 - accuracy: 0.1986
  81/1105 [=>............................] - ETA: 18:21 - loss: 3.6360 - accuracy: 0.2002
  82/1105 [=>............................] - ETA: 18:19 - loss: 3.6250 - accuracy: 0.2022
  83/1105 [=>............................] - ETA: 18:19 - loss: 3.6204 - accuracy: 0.2033
  84/1105 [=>............................] - ETA: 18:18 - loss: 3.6128 - accuracy: 0.2041
  85/1105 [=>............................] - ETA: 18:18 - loss: 3.5988 - accuracy: 0.2062
  86/1105 [=>............................] - ETA: 18:17 - loss: 3.5878 - accuracy: 0.2075
  87/1105 [=>............................] - ETA: 18:14 - loss: 3.5803 - accuracy: 0.2080
  88/1105 [=>............................] - ETA: 18:13 - loss: 3.5747 - accuracy: 0.2090
  89/1105 [=>............................] - ETA: 18:11 - loss: 3.5662 - accuracy: 0.2100
  90/1105 [=>............................] - ETA: 18:09 - loss: 3.5569 - accuracy: 0.2122
  91/1105 [=>............................] - ETA: 18:10 - loss: 3.5501 - accuracy: 0.2133
  92/1105 [=>............................] - ETA: 18:07 - loss: 3.5409 - accuracy: 0.2148
  93/1105 [=>............................] - ETA: 18:05 - loss: 3.5306 - accuracy: 0.2157
  94/1105 [=>............................] - ETA: 18:04 - loss: 3.5209 - accuracy: 0.2181
  95/1105 [=>............................] - ETA: 18:04 - loss: 3.5133 - accuracy: 0.2194
  96/1105 [=>............................] - ETA: 18:02 - loss: 3.4979 - accuracy: 0.2223
  97/1105 [=>............................] - ETA: 18:00 - loss: 3.4903 - accuracy: 0.2239
  98/1105 [=>............................] - ETA: 18:00 - loss: 3.4840 - accuracy: 0.2245
  99/1105 [=>............................] - ETA: 17:59 - loss: 3.4765 - accuracy: 0.2257
 100/1105 [=>............................] - ETA: 17:59 - loss: 3.4707 - accuracy: 0.2269
 101/1105 [=>............................] - ETA: 17:58 - loss: 3.4627 - accuracy: 0.2280
 102/1105 [=>............................] - ETA: 17:56 - loss: 3.4564 - accuracy: 0.2284
 103/1105 [=>............................] - ETA: 17:55 - loss: 3.4512 - accuracy: 0.2291
 104/1105 [=>............................] - ETA: 17:54 - loss: 3.4471 - accuracy: 0.2293
 105/1105 [=>............................] - ETA: 17:53 - loss: 3.4391 - accuracy: 0.2302
 106/1105 [=>............................] - ETA: 17:53 - loss: 3.4338 - accuracy: 0.2310
 107/1105 [=>............................] - ETA: 17:52 - loss: 3.4256 - accuracy: 0.2322
 108/1105 [=>............................] - ETA: 17:50 - loss: 3.4168 - accuracy: 0.2334
 109/1105 [=>............................] - ETA: 17:50 - loss: 3.4137 - accuracy: 0.2344
 110/1105 [=>............................] - ETA: 17:49 - loss: 3.4085 - accuracy: 0.2349
 111/1105 [==>...........................] - ETA: 17:46 - loss: 3.3987 - accuracy: 0.2368
 112/1105 [==>...........................] - ETA: 17:45 - loss: 3.3914 - accuracy: 0.2384
 113/1105 [==>...........................] - ETA: 17:44 - loss: 3.3837 - accuracy: 0.2403
 114/1105 [==>...........................] - ETA: 17:43 - loss: 3.3785 - accuracy: 0.2415
 115/1105 [==>...........................] - ETA: 17:43 - loss: 3.3726 - accuracy: 0.2425
 116/1105 [==>...........................] - ETA: 17:42 - loss: 3.3661 - accuracy: 0.2445
 117/1105 [==>...........................] - ETA: 17:41 - loss: 3.3613 - accuracy: 0.2456
 118/1105 [==>...........................] - ETA: 17:40 - loss: 3.3591 - accuracy: 0.2459
 119/1105 [==>...........................] - ETA: 17:38 - loss: 3.3519 - accuracy: 0.2471
 120/1105 [==>...........................] - ETA: 17:37 - loss: 3.3448 - accuracy: 0.2488
 121/1105 [==>...........................] - ETA: 17:37 - loss: 3.3404 - accuracy: 0.2496
 122/1105 [==>...........................] - ETA: 17:36 - loss: 3.3349 - accuracy: 0.2500
 123/1105 [==>...........................] - ETA: 17:34 - loss: 3.3291 - accuracy: 0.2510
 124/1105 [==>...........................] - ETA: 17:33 - loss: 3.3232 - accuracy: 0.2515
 125/1105 [==>...........................] - ETA: 17:33 - loss: 3.3146 - accuracy: 0.2529
 126/1105 [==>...........................] - ETA: 17:32 - loss: 3.3084 - accuracy: 0.2542
 127/1105 [==>...........................] - ETA: 17:30 - loss: 3.3011 - accuracy: 0.2550
 128/1105 [==>...........................] - ETA: 17:29 - loss: 3.2946 - accuracy: 0.2563
 129/1105 [==>...........................] - ETA: 17:29 - loss: 3.2929 - accuracy: 0.2562
 130/1105 [==>...........................] - ETA: 17:27 - loss: 3.2886 - accuracy: 0.2567
 131/1105 [==>...........................] - ETA: 17:26 - loss: 3.2841 - accuracy: 0.2575
 132/1105 [==>...........................] - ETA: 17:26 - loss: 3.2785 - accuracy: 0.2583
 133/1105 [==>...........................] - ETA: 17:25 - loss: 3.2727 - accuracy: 0.2595
 134/1105 [==>...........................] - ETA: 17:25 - loss: 3.2671 - accuracy: 0.2603
 135/1105 [==>...........................] - ETA: 17:24 - loss: 3.2603 - accuracy: 0.2615
 136/1105 [==>...........................] - ETA: 17:23 - loss: 3.2510 - accuracy: 0.2631
 137/1105 [==>...........................] - ETA: 17:23 - loss: 3.2460 - accuracy: 0.2641
 138/1105 [==>...........................] - ETA: 17:22 - loss: 3.2393 - accuracy: 0.2655
 139/1105 [==>...........................] - ETA: 17:22 - loss: 3.2338 - accuracy: 0.2666
 140/1105 [==>...........................] - ETA: 17:21 - loss: 3.2330 - accuracy: 0.2664
 141/1105 [==>...........................] - ETA: 17:20 - loss: 3.2280 - accuracy: 0.2671
 142/1105 [==>...........................] - ETA: 17:19 - loss: 3.2216 - accuracy: 0.2680
 143/1105 [==>...........................] - ETA: 17:18 - loss: 3.2144 - accuracy: 0.2694
 144/1105 [==>...........................] - ETA: 17:16 - loss: 3.2103 - accuracy: 0.2704
 145/1105 [==>...........................] - ETA: 17:16 - loss: 3.2045 - accuracy: 0.2714
 146/1105 [==>...........................] - ETA: 17:15 - loss: 3.1984 - accuracy: 0.2723
 147/1105 [==>...........................] - ETA: 17:13 - loss: 3.1957 - accuracy: 0.2723
 148/1105 [===>..........................] - ETA: 17:12 - loss: 3.1909 - accuracy: 0.2729
 149/1105 [===>..........................] - ETA: 17:11 - loss: 3.1863 - accuracy: 0.2738
 150/1105 [===>..........................] - ETA: 17:10 - loss: 3.1847 - accuracy: 0.2745
 151/1105 [===>..........................] - ETA: 17:09 - loss: 3.1819 - accuracy: 0.2745
 152/1105 [===>..........................] - ETA: 17:08 - loss: 3.1767 - accuracy: 0.2751
 153/1105 [===>..........................] - ETA: 17:07 - loss: 3.1739 - accuracy: 0.2760
 154/1105 [===>..........................] - ETA: 17:05 - loss: 3.1713 - accuracy: 0.2763
 155/1105 [===>..........................] - ETA: 17:04 - loss: 3.1659 - accuracy: 0.2769
 156/1105 [===>..........................] - ETA: 17:03 - loss: 3.1625 - accuracy: 0.2781
 157/1105 [===>..........................] - ETA: 17:02 - loss: 3.1591 - accuracy: 0.2783
 158/1105 [===>..........................] - ETA: 17:02 - loss: 3.1523 - accuracy: 0.2795
 159/1105 [===>..........................] - ETA: 17:02 - loss: 3.1484 - accuracy: 0.2802
 160/1105 [===>..........................] - ETA: 17:00 - loss: 3.1481 - accuracy: 0.2803
 161/1105 [===>..........................] - ETA: 16:59 - loss: 3.1437 - accuracy: 0.2810
 162/1105 [===>..........................] - ETA: 16:57 - loss: 3.1407 - accuracy: 0.2818
 163/1105 [===>..........................] - ETA: 16:56 - loss: 3.1362 - accuracy: 0.2826
 164/1105 [===>..........................] - ETA: 16:55 - loss: 3.1314 - accuracy: 0.2836
 165/1105 [===>..........................] - ETA: 16:54 - loss: 3.1256 - accuracy: 0.2843
 166/1105 [===>..........................] - ETA: 16:53 - loss: 3.1197 - accuracy: 0.2852
 167/1105 [===>..........................] - ETA: 16:52 - loss: 3.1193 - accuracy: 0.2851
 168/1105 [===>..........................] - ETA: 16:51 - loss: 3.1164 - accuracy: 0.2857
 169/1105 [===>..........................] - ETA: 16:50 - loss: 3.1128 - accuracy: 0.2862
 170/1105 [===>..........................] - ETA: 16:49 - loss: 3.1085 - accuracy: 0.2871
 171/1105 [===>..........................] - ETA: 16:47 - loss: 3.1045 - accuracy: 0.2879
 172/1105 [===>..........................] - ETA: 16:46 - loss: 3.1002 - accuracy: 0.2884
 173/1105 [===>..........................] - ETA: 16:45 - loss: 3.0965 - accuracy: 0.2892
 174/1105 [===>..........................] - ETA: 16:44 - loss: 3.0934 - accuracy: 0.2898
 175/1105 [===>..........................] - ETA: 16:42 - loss: 3.0897 - accuracy: 0.2905
 176/1105 [===>..........................] - ETA: 16:41 - loss: 3.0831 - accuracy: 0.2918
 177/1105 [===>..........................] - ETA: 16:41 - loss: 3.0776 - accuracy: 0.2932
 178/1105 [===>..........................] - ETA: 16:39 - loss: 3.0755 - accuracy: 0.2935
 179/1105 [===>..........................] - ETA: 16:37 - loss: 3.0720 - accuracy: 0.2939
 180/1105 [===>..........................] - ETA: 16:36 - loss: 3.0693 - accuracy: 0.2943
 181/1105 [===>..........................] - ETA: 16:36 - loss: 3.0653 - accuracy: 0.2951
 182/1105 [===>..........................] - ETA: 16:34 - loss: 3.0635 - accuracy: 0.2954
 183/1105 [===>..........................] - ETA: 16:34 - loss: 3.0610 - accuracy: 0.2959
 184/1105 [===>..........................] - ETA: 16:33 - loss: 3.0574 - accuracy: 0.2963
 185/1105 [====>.........................] - ETA: 16:32 - loss: 3.0530 - accuracy: 0.2970
 186/1105 [====>.........................] - ETA: 16:31 - loss: 3.0494 - accuracy: 0.2975
 187/1105 [====>.........................] - ETA: 16:29 - loss: 3.0452 - accuracy: 0.2980
 188/1105 [====>.........................] - ETA: 16:28 - loss: 3.0402 - accuracy: 0.2993
 189/1105 [====>.........................] - ETA: 16:27 - loss: 3.0362 - accuracy: 0.2998
 190/1105 [====>.........................] - ETA: 16:26 - loss: 3.0322 - accuracy: 0.3006
 191/1105 [====>.........................] - ETA: 16:25 - loss: 3.0266 - accuracy: 0.3019
 192/1105 [====>.........................] - ETA: 16:24 - loss: 3.0235 - accuracy: 0.3021
 193/1105 [====>.........................] - ETA: 16:23 - loss: 3.0214 - accuracy: 0.3024
 194/1105 [====>.........................] - ETA: 16:22 - loss: 3.0167 - accuracy: 0.3031
 195/1105 [====>.........................] - ETA: 16:21 - loss: 3.0110 - accuracy: 0.3040
 196/1105 [====>.........................] - ETA: 16:20 - loss: 3.0075 - accuracy: 0.3050
 197/1105 [====>.........................] - ETA: 16:19 - loss: 3.0035 - accuracy: 0.3057
 198/1105 [====>.........................] - ETA: 16:18 - loss: 2.9993 - accuracy: 0.3063
 199/1105 [====>.........................] - ETA: 16:17 - loss: 2.9969 - accuracy: 0.3068
 200/1105 [====>.........................] - ETA: 16:16 - loss: 2.9934 - accuracy: 0.3073
 201/1105 [====>.........................] - ETA: 16:15 - loss: 2.9884 - accuracy: 0.3084
 202/1105 [====>.........................] - ETA: 16:14 - loss: 2.9851 - accuracy: 0.3087
 203/1105 [====>.........................] - ETA: 16:13 - loss: 2.9810 - accuracy: 0.3096
 204/1105 [====>.........................] - ETA: 16:11 - loss: 2.9781 - accuracy: 0.3102
 205/1105 [====>.........................] - ETA: 16:10 - loss: 2.9750 - accuracy: 0.3109
 206/1105 [====>.........................] - ETA: 16:09 - loss: 2.9702 - accuracy: 0.3120
 207/1105 [====>.........................] - ETA: 16:08 - loss: 2.9658 - accuracy: 0.3128
 208/1105 [====>.........................] - ETA: 16:07 - loss: 2.9650 - accuracy: 0.3126
 209/1105 [====>.........................] - ETA: 16:06 - loss: 2.9646 - accuracy: 0.3126
 210/1105 [====>.........................] - ETA: 16:05 - loss: 2.9609 - accuracy: 0.3132
 211/1105 [====>.........................] - ETA: 16:04 - loss: 2.9577 - accuracy: 0.3142
 212/1105 [====>.........................] - ETA: 16:03 - loss: 2.9535 - accuracy: 0.3149
 213/1105 [====>.........................] - ETA: 16:01 - loss: 2.9504 - accuracy: 0.3154
 214/1105 [====>.........................] - ETA: 16:01 - loss: 2.9492 - accuracy: 0.3156
 215/1105 [====>.........................] - ETA: 16:00 - loss: 2.9444 - accuracy: 0.3162
 216/1105 [====>.........................] - ETA: 15:59 - loss: 2.9410 - accuracy: 0.3167
 217/1105 [====>.........................] - ETA: 15:58 - loss: 2.9375 - accuracy: 0.3175
 218/1105 [====>.........................] - ETA: 15:57 - loss: 2.9330 - accuracy: 0.3182
 219/1105 [====>.........................] - ETA: 15:56 - loss: 2.9286 - accuracy: 0.3188
 220/1105 [====>.........................] - ETA: 15:54 - loss: 2.9263 - accuracy: 0.3191
 221/1105 [=====>........................] - ETA: 15:53 - loss: 2.9235 - accuracy: 0.3198
 222/1105 [=====>........................] - ETA: 15:52 - loss: 2.9197 - accuracy: 0.3204
 223/1105 [=====>........................] - ETA: 15:51 - loss: 2.9164 - accuracy: 0.3206
 224/1105 [=====>........................] - ETA: 15:50 - loss: 2.9141 - accuracy: 0.3211
 225/1105 [=====>........................] - ETA: 15:49 - loss: 2.9125 - accuracy: 0.3213
 226/1105 [=====>........................] - ETA: 15:48 - loss: 2.9099 - accuracy: 0.3218
 227/1105 [=====>........................] - ETA: 15:46 - loss: 2.9052 - accuracy: 0.3226
 228/1105 [=====>........................] - ETA: 15:46 - loss: 2.9027 - accuracy: 0.3231
 229/1105 [=====>........................] - ETA: 15:45 - loss: 2.9008 - accuracy: 0.3233
 230/1105 [=====>........................] - ETA: 15:44 - loss: 2.8998 - accuracy: 0.3232
 231/1105 [=====>........................] - ETA: 15:43 - loss: 2.8990 - accuracy: 0.3237
 232/1105 [=====>........................] - ETA: 15:42 - loss: 2.8955 - accuracy: 0.3242
 233/1105 [=====>........................] - ETA: 15:40 - loss: 2.8934 - accuracy: 0.3244
 234/1105 [=====>........................] - ETA: 15:39 - loss: 2.8936 - accuracy: 0.3243
 235/1105 [=====>........................] - ETA: 15:38 - loss: 2.8909 - accuracy: 0.3250
 236/1105 [=====>........................] - ETA: 15:37 - loss: 2.8874 - accuracy: 0.3257
 237/1105 [=====>........................] - ETA: 15:36 - loss: 2.8866 - accuracy: 0.3259
 238/1105 [=====>........................] - ETA: 15:35 - loss: 2.8849 - accuracy: 0.3261
 239/1105 [=====>........................] - ETA: 15:34 - loss: 2.8819 - accuracy: 0.3271
 240/1105 [=====>........................] - ETA: 15:32 - loss: 2.8800 - accuracy: 0.3272
 241/1105 [=====>........................] - ETA: 15:31 - loss: 2.8770 - accuracy: 0.3278
 242/1105 [=====>........................] - ETA: 15:30 - loss: 2.8727 - accuracy: 0.3287
 243/1105 [=====>........................] - ETA: 15:29 - loss: 2.8711 - accuracy: 0.3288
 244/1105 [=====>........................] - ETA: 15:28 - loss: 2.8682 - accuracy: 0.3293
 245/1105 [=====>........................] - ETA: 15:27 - loss: 2.8649 - accuracy: 0.3301
 246/1105 [=====>........................] - ETA: 15:27 - loss: 2.8611 - accuracy: 0.3310
 247/1105 [=====>........................] - ETA: 15:26 - loss: 2.8592 - accuracy: 0.3313
 248/1105 [=====>........................] - ETA: 15:24 - loss: 2.8553 - accuracy: 0.3322
 249/1105 [=====>........................] - ETA: 15:24 - loss: 2.8531 - accuracy: 0.3323
 250/1105 [=====>........................] - ETA: 15:22 - loss: 2.8502 - accuracy: 0.3326
 251/1105 [=====>........................] - ETA: 15:21 - loss: 2.8475 - accuracy: 0.3331
 252/1105 [=====>........................] - ETA: 15:20 - loss: 2.8446 - accuracy: 0.3336
 253/1105 [=====>........................] - ETA: 15:19 - loss: 2.8444 - accuracy: 0.3335
 254/1105 [=====>........................] - ETA: 15:18 - loss: 2.8425 - accuracy: 0.3338
 255/1105 [=====>........................] - ETA: 15:17 - loss: 2.8401 - accuracy: 0.3344
 256/1105 [=====>........................] - ETA: 15:16 - loss: 2.8369 - accuracy: 0.3350
 257/1105 [=====>........................] - ETA: 15:16 - loss: 2.8348 - accuracy: 0.3353
 258/1105 [======>.......................] - ETA: 15:15 - loss: 2.8326 - accuracy: 0.3358
 259/1105 [======>.......................] - ETA: 15:14 - loss: 2.8296 - accuracy: 0.3365
 260/1105 [======>.......................] - ETA: 15:12 - loss: 2.8268 - accuracy: 0.3370
 261/1105 [======>.......................] - ETA: 15:11 - loss: 2.8255 - accuracy: 0.3369
 262/1105 [======>.......................] - ETA: 15:10 - loss: 2.8247 - accuracy: 0.3370
 263/1105 [======>.......................] - ETA: 15:09 - loss: 2.8212 - accuracy: 0.3376
 264/1105 [======>.......................] - ETA: 15:08 - loss: 2.8185 - accuracy: 0.3385
 265/1105 [======>.......................] - ETA: 15:06 - loss: 2.8150 - accuracy: 0.3393
 266/1105 [======>.......................] - ETA: 15:05 - loss: 2.8124 - accuracy: 0.3396
 267/1105 [======>.......................] - ETA: 15:04 - loss: 2.8101 - accuracy: 0.3398
 268/1105 [======>.......................] - ETA: 15:03 - loss: 2.8088 - accuracy: 0.3400
 269/1105 [======>.......................] - ETA: 15:02 - loss: 2.8061 - accuracy: 0.3404
 270/1105 [======>.......................] - ETA: 15:00 - loss: 2.8028 - accuracy: 0.3412
 271/1105 [======>.......................] - ETA: 14:59 - loss: 2.8007 - accuracy: 0.3420
 272/1105 [======>.......................] - ETA: 14:58 - loss: 2.7998 - accuracy: 0.3423
 273/1105 [======>.......................] - ETA: 14:57 - loss: 2.7995 - accuracy: 0.3421
 274/1105 [======>.......................] - ETA: 14:56 - loss: 2.7973 - accuracy: 0.3424
 275/1105 [======>.......................] - ETA: 14:54 - loss: 2.7943 - accuracy: 0.3429
 276/1105 [======>.......................] - ETA: 14:53 - loss: 2.7918 - accuracy: 0.3432
 277/1105 [======>.......................] - ETA: 14:52 - loss: 2.7905 - accuracy: 0.3435
 278/1105 [======>.......................] - ETA: 14:51 - loss: 2.7892 - accuracy: 0.3438
 279/1105 [======>.......................] - ETA: 14:50 - loss: 2.7863 - accuracy: 0.3444
 280/1105 [======>.......................] - ETA: 14:49 - loss: 2.7856 - accuracy: 0.3445
 281/1105 [======>.......................] - ETA: 14:47 - loss: 2.7856 - accuracy: 0.3444
 282/1105 [======>.......................] - ETA: 14:47 - loss: 2.7835 - accuracy: 0.3446
 283/1105 [======>.......................] - ETA: 14:45 - loss: 2.7815 - accuracy: 0.3451
 284/1105 [======>.......................] - ETA: 14:44 - loss: 2.7795 - accuracy: 0.3456
 285/1105 [======>.......................] - ETA: 14:43 - loss: 2.7781 - accuracy: 0.3458
 286/1105 [======>.......................] - ETA: 14:41 - loss: 2.7763 - accuracy: 0.3459
 287/1105 [======>.......................] - ETA: 14:40 - loss: 2.7739 - accuracy: 0.3461
 288/1105 [======>.......................] - ETA: 14:39 - loss: 2.7715 - accuracy: 0.3467
 289/1105 [======>.......................] - ETA: 14:38 - loss: 2.7702 - accuracy: 0.3470
 290/1105 [======>.......................] - ETA: 14:37 - loss: 2.7681 - accuracy: 0.3475
 291/1105 [======>.......................] - ETA: 14:36 - loss: 2.7644 - accuracy: 0.3480
 292/1105 [======>.......................] - ETA: 14:35 - loss: 2.7619 - accuracy: 0.3484
 293/1105 [======>.......................] - ETA: 14:34 - loss: 2.7600 - accuracy: 0.3485
 294/1105 [======>.......................] - ETA: 14:33 - loss: 2.7583 - accuracy: 0.3487
 295/1105 [=======>......................] - ETA: 14:31 - loss: 2.7568 - accuracy: 0.3491
 296/1105 [=======>......................] - ETA: 14:30 - loss: 2.7543 - accuracy: 0.3494
 297/1105 [=======>......................] - ETA: 14:29 - loss: 2.7519 - accuracy: 0.3501
 298/1105 [=======>......................] - ETA: 14:28 - loss: 2.7515 - accuracy: 0.3504
 299/1105 [=======>......................] - ETA: 14:27 - loss: 2.7484 - accuracy: 0.3511
 300/1105 [=======>......................] - ETA: 14:26 - loss: 2.7472 - accuracy: 0.3511
 301/1105 [=======>......................] - ETA: 14:25 - loss: 2.7452 - accuracy: 0.3512
 302/1105 [=======>......................] - ETA: 14:24 - loss: 2.7423 - accuracy: 0.3518
 303/1105 [=======>......................] - ETA: 14:23 - loss: 2.7414 - accuracy: 0.3519
 304/1105 [=======>......................] - ETA: 14:22 - loss: 2.7400 - accuracy: 0.3522
 305/1105 [=======>......................] - ETA: 14:21 - loss: 2.7386 - accuracy: 0.3524
 306/1105 [=======>......................] - ETA: 14:20 - loss: 2.7369 - accuracy: 0.3526
 307/1105 [=======>......................] - ETA: 14:20 - loss: 2.7356 - accuracy: 0.3529
 308/1105 [=======>......................] - ETA: 14:18 - loss: 2.7342 - accuracy: 0.3532
 309/1105 [=======>......................] - ETA: 14:17 - loss: 2.7317 - accuracy: 0.3538
 310/1105 [=======>......................] - ETA: 14:16 - loss: 2.7295 - accuracy: 0.3543
 311/1105 [=======>......................] - ETA: 14:15 - loss: 2.7294 - accuracy: 0.3544
 312/1105 [=======>......................] - ETA: 14:14 - loss: 2.7278 - accuracy: 0.3545
 313/1105 [=======>......................] - ETA: 14:13 - loss: 2.7266 - accuracy: 0.3546
 314/1105 [=======>......................] - ETA: 14:12 - loss: 2.7245 - accuracy: 0.3550
 315/1105 [=======>......................] - ETA: 14:11 - loss: 2.7234 - accuracy: 0.3551
 316/1105 [=======>......................] - ETA: 14:10 - loss: 2.7218 - accuracy: 0.3553
 317/1105 [=======>......................] - ETA: 14:09 - loss: 2.7208 - accuracy: 0.3554
 318/1105 [=======>......................] - ETA: 14:08 - loss: 2.7182 - accuracy: 0.3559
 319/1105 [=======>......................] - ETA: 14:06 - loss: 2.7159 - accuracy: 0.3561
 320/1105 [=======>......................] - ETA: 14:05 - loss: 2.7152 - accuracy: 0.3562
 321/1105 [=======>......................] - ETA: 14:04 - loss: 2.7157 - accuracy: 0.3559
 322/1105 [=======>......................] - ETA: 14:03 - loss: 2.7137 - accuracy: 0.3562
 323/1105 [=======>......................] - ETA: 14:02 - loss: 2.7111 - accuracy: 0.3565
 324/1105 [=======>......................] - ETA: 14:02 - loss: 2.7089 - accuracy: 0.3570
 325/1105 [=======>......................] - ETA: 14:00 - loss: 2.7066 - accuracy: 0.3575
 326/1105 [=======>......................] - ETA: 13:59 - loss: 2.7053 - accuracy: 0.3576
 327/1105 [=======>......................] - ETA: 13:58 - loss: 2.7031 - accuracy: 0.3582
 328/1105 [=======>......................] - ETA: 13:57 - loss: 2.7013 - accuracy: 0.3587
 329/1105 [=======>......................] - ETA: 13:56 - loss: 2.6997 - accuracy: 0.3591
 330/1105 [=======>......................] - ETA: 13:55 - loss: 2.6986 - accuracy: 0.3593
 331/1105 [=======>......................] - ETA: 13:54 - loss: 2.6980 - accuracy: 0.3593
 332/1105 [========>.....................] - ETA: 13:53 - loss: 2.6961 - accuracy: 0.3597
 333/1105 [========>.....................] - ETA: 13:52 - loss: 2.6947 - accuracy: 0.3600
 334/1105 [========>.....................] - ETA: 13:51 - loss: 2.6939 - accuracy: 0.3598
 335/1105 [========>.....................] - ETA: 13:50 - loss: 2.6927 - accuracy: 0.3598
 336/1105 [========>.....................] - ETA: 13:49 - loss: 2.6923 - accuracy: 0.3598
 337/1105 [========>.....................] - ETA: 13:48 - loss: 2.6907 - accuracy: 0.3600
 338/1105 [========>.....................] - ETA: 13:47 - loss: 2.6882 - accuracy: 0.3605
 339/1105 [========>.....................] - ETA: 13:46 - loss: 2.6863 - accuracy: 0.3605
 340/1105 [========>.....................] - ETA: 13:45 - loss: 2.6841 - accuracy: 0.3608
 341/1105 [========>.....................] - ETA: 13:44 - loss: 2.6829 - accuracy: 0.3610
 342/1105 [========>.....................] - ETA: 13:43 - loss: 2.6819 - accuracy: 0.3617
 343/1105 [========>.....................] - ETA: 13:42 - loss: 2.6799 - accuracy: 0.3622
 344/1105 [========>.....................] - ETA: 13:41 - loss: 2.6789 - accuracy: 0.3623
 345/1105 [========>.....................] - ETA: 13:40 - loss: 2.6776 - accuracy: 0.3624
 346/1105 [========>.....................] - ETA: 13:39 - loss: 2.6760 - accuracy: 0.3629
 347/1105 [========>.....................] - ETA: 13:38 - loss: 2.6740 - accuracy: 0.3632
 348/1105 [========>.....................] - ETA: 13:37 - loss: 2.6728 - accuracy: 0.3631
 349/1105 [========>.....................] - ETA: 13:36 - loss: 2.6713 - accuracy: 0.3632
 350/1105 [========>.....................] - ETA: 13:35 - loss: 2.6700 - accuracy: 0.3637
 351/1105 [========>.....................] - ETA: 13:34 - loss: 2.6683 - accuracy: 0.3640
 352/1105 [========>.....................] - ETA: 13:33 - loss: 2.6677 - accuracy: 0.3640
 353/1105 [========>.....................] - ETA: 13:32 - loss: 2.6649 - accuracy: 0.3646
 354/1105 [========>.....................] - ETA: 13:31 - loss: 2.6625 - accuracy: 0.3650
 355/1105 [========>.....................] - ETA: 13:30 - loss: 2.6607 - accuracy: 0.3654
 356/1105 [========>.....................] - ETA: 13:29 - loss: 2.6604 - accuracy: 0.3655
 357/1105 [========>.....................] - ETA: 13:28 - loss: 2.6591 - accuracy: 0.3656
 358/1105 [========>.....................] - ETA: 13:27 - loss: 2.6567 - accuracy: 0.3661
 359/1105 [========>.....................] - ETA: 13:26 - loss: 2.6547 - accuracy: 0.3664
 360/1105 [========>.....................] - ETA: 13:25 - loss: 2.6526 - accuracy: 0.3667
 361/1105 [========>.....................] - ETA: 13:24 - loss: 2.6513 - accuracy: 0.3670
 362/1105 [========>.....................] - ETA: 13:23 - loss: 2.6505 - accuracy: 0.3674
 363/1105 [========>.....................] - ETA: 13:22 - loss: 2.6494 - accuracy: 0.3676
 364/1105 [========>.....................] - ETA: 13:20 - loss: 2.6476 - accuracy: 0.3678
 365/1105 [========>.....................] - ETA: 13:19 - loss: 2.6461 - accuracy: 0.3681
 366/1105 [========>.....................] - ETA: 13:18 - loss: 2.6463 - accuracy: 0.3680
 367/1105 [========>.....................] - ETA: 13:17 - loss: 2.6448 - accuracy: 0.3682
 368/1105 [========>.....................] - ETA: 13:17 - loss: 2.6426 - accuracy: 0.3687
 369/1105 [=========>....................] - ETA: 13:16 - loss: 2.6417 - accuracy: 0.3689
 370/1105 [=========>....................] - ETA: 13:14 - loss: 2.6417 - accuracy: 0.3688
 371/1105 [=========>....................] - ETA: 13:13 - loss: 2.6400 - accuracy: 0.3690
 372/1105 [=========>....................] - ETA: 13:12 - loss: 2.6379 - accuracy: 0.3693
 373/1105 [=========>....................] - ETA: 13:11 - loss: 2.6374 - accuracy: 0.3693
 374/1105 [=========>....................] - ETA: 13:10 - loss: 2.6368 - accuracy: 0.3694
 375/1105 [=========>....................] - ETA: 13:09 - loss: 2.6352 - accuracy: 0.3696
 376/1105 [=========>....................] - ETA: 13:08 - loss: 2.6340 - accuracy: 0.3698
 377/1105 [=========>....................] - ETA: 13:07 - loss: 2.6313 - accuracy: 0.3704
 378/1105 [=========>....................] - ETA: 13:06 - loss: 2.6304 - accuracy: 0.3707
 379/1105 [=========>....................] - ETA: 13:05 - loss: 2.6289 - accuracy: 0.3710
 380/1105 [=========>....................] - ETA: 13:04 - loss: 2.6270 - accuracy: 0.3715
 381/1105 [=========>....................] - ETA: 13:03 - loss: 2.6266 - accuracy: 0.3717
 382/1105 [=========>....................] - ETA: 13:02 - loss: 2.6245 - accuracy: 0.3720
 383/1105 [=========>....................] - ETA: 13:01 - loss: 2.6242 - accuracy: 0.3721
 384/1105 [=========>....................] - ETA: 13:00 - loss: 2.6233 - accuracy: 0.3723
 385/1105 [=========>....................] - ETA: 12:59 - loss: 2.6216 - accuracy: 0.3726
 386/1105 [=========>....................] - ETA: 12:58 - loss: 2.6205 - accuracy: 0.3729
 387/1105 [=========>....................] - ETA: 12:57 - loss: 2.6203 - accuracy: 0.3731
 388/1105 [=========>....................] - ETA: 12:55 - loss: 2.6188 - accuracy: 0.3733
 389/1105 [=========>....................] - ETA: 12:54 - loss: 2.6175 - accuracy: 0.3735
 390/1105 [=========>....................] - ETA: 12:53 - loss: 2.6166 - accuracy: 0.3734
 391/1105 [=========>....................] - ETA: 12:52 - loss: 2.6140 - accuracy: 0.3739
 392/1105 [=========>....................] - ETA: 12:51 - loss: 2.6128 - accuracy: 0.3740
 393/1105 [=========>....................] - ETA: 12:50 - loss: 2.6113 - accuracy: 0.3745
 394/1105 [=========>....................] - ETA: 12:49 - loss: 2.6098 - accuracy: 0.3746
 395/1105 [=========>....................] - ETA: 12:48 - loss: 2.6085 - accuracy: 0.3748
 396/1105 [=========>....................] - ETA: 12:47 - loss: 2.6080 - accuracy: 0.3750
 397/1105 [=========>....................] - ETA: 12:46 - loss: 2.6071 - accuracy: 0.3752
 398/1105 [=========>....................] - ETA: 12:45 - loss: 2.6066 - accuracy: 0.3752
 399/1105 [=========>....................] - ETA: 12:44 - loss: 2.6057 - accuracy: 0.3756
 400/1105 [=========>....................] - ETA: 12:43 - loss: 2.6051 - accuracy: 0.3755
 401/1105 [=========>....................] - ETA: 12:41 - loss: 2.6034 - accuracy: 0.3760
 402/1105 [=========>....................] - ETA: 12:40 - loss: 2.6023 - accuracy: 0.3762
 403/1105 [=========>....................] - ETA: 12:39 - loss: 2.6006 - accuracy: 0.3765
 404/1105 [=========>....................] - ETA: 12:38 - loss: 2.5998 - accuracy: 0.3767
 405/1105 [=========>....................] - ETA: 12:37 - loss: 2.5984 - accuracy: 0.3771
 406/1105 [==========>...................] - ETA: 12:36 - loss: 2.5977 - accuracy: 0.3772
 407/1105 [==========>...................] - ETA: 12:35 - loss: 2.5962 - accuracy: 0.3775
 408/1105 [==========>...................] - ETA: 12:34 - loss: 2.5949 - accuracy: 0.3777
 409/1105 [==========>...................] - ETA: 12:33 - loss: 2.5947 - accuracy: 0.3777
 410/1105 [==========>...................] - ETA: 12:32 - loss: 2.5930 - accuracy: 0.3780
 411/1105 [==========>...................] - ETA: 12:30 - loss: 2.5913 - accuracy: 0.3783
 412/1105 [==========>...................] - ETA: 12:29 - loss: 2.5908 - accuracy: 0.3785
 413/1105 [==========>...................] - ETA: 12:28 - loss: 2.5894 - accuracy: 0.3788
 414/1105 [==========>...................] - ETA: 12:27 - loss: 2.5886 - accuracy: 0.3790
 415/1105 [==========>...................] - ETA: 12:26 - loss: 2.5872 - accuracy: 0.3792
 416/1105 [==========>...................] - ETA: 12:25 - loss: 2.5852 - accuracy: 0.3795
 417/1105 [==========>...................] - ETA: 12:24 - loss: 2.5836 - accuracy: 0.3798
 418/1105 [==========>...................] - ETA: 12:23 - loss: 2.5828 - accuracy: 0.3798
 419/1105 [==========>...................] - ETA: 12:22 - loss: 2.5818 - accuracy: 0.3799
 420/1105 [==========>...................] - ETA: 12:21 - loss: 2.5804 - accuracy: 0.3802
 421/1105 [==========>...................] - ETA: 12:20 - loss: 2.5786 - accuracy: 0.3804
 422/1105 [==========>...................] - ETA: 12:19 - loss: 2.5768 - accuracy: 0.3808
 423/1105 [==========>...................] - ETA: 12:18 - loss: 2.5749 - accuracy: 0.3812
 424/1105 [==========>...................] - ETA: 12:17 - loss: 2.5743 - accuracy: 0.3812
 425/1105 [==========>...................] - ETA: 12:16 - loss: 2.5730 - accuracy: 0.3816
 426/1105 [==========>...................] - ETA: 12:15 - loss: 2.5715 - accuracy: 0.3819
 427/1105 [==========>...................] - ETA: 12:14 - loss: 2.5714 - accuracy: 0.3818
 428/1105 [==========>...................] - ETA: 12:13 - loss: 2.5703 - accuracy: 0.3822
 429/1105 [==========>...................] - ETA: 12:11 - loss: 2.5692 - accuracy: 0.3825
 430/1105 [==========>...................] - ETA: 12:10 - loss: 2.5677 - accuracy: 0.3827
 431/1105 [==========>...................] - ETA: 12:09 - loss: 2.5664 - accuracy: 0.3829
 432/1105 [==========>...................] - ETA: 12:08 - loss: 2.5649 - accuracy: 0.3832
 433/1105 [==========>...................] - ETA: 12:07 - loss: 2.5645 - accuracy: 0.3833
 434/1105 [==========>...................] - ETA: 12:06 - loss: 2.5637 - accuracy: 0.3834
 435/1105 [==========>...................] - ETA: 12:05 - loss: 2.5631 - accuracy: 0.3834
 436/1105 [==========>...................] - ETA: 12:04 - loss: 2.5624 - accuracy: 0.3836
 437/1105 [==========>...................] - ETA: 12:03 - loss: 2.5613 - accuracy: 0.3839
 438/1105 [==========>...................] - ETA: 12:02 - loss: 2.5603 - accuracy: 0.3840
 439/1105 [==========>...................] - ETA: 12:01 - loss: 2.5592 - accuracy: 0.3840
 440/1105 [==========>...................] - ETA: 12:00 - loss: 2.5576 - accuracy: 0.3843
 441/1105 [==========>...................] - ETA: 11:59 - loss: 2.5571 - accuracy: 0.3847
 442/1105 [===========>..................] - ETA: 11:58 - loss: 2.5564 - accuracy: 0.3848
 443/1105 [===========>..................] - ETA: 11:57 - loss: 2.5551 - accuracy: 0.3851
 444/1105 [===========>..................] - ETA: 11:55 - loss: 2.5548 - accuracy: 0.3853
 445/1105 [===========>..................] - ETA: 11:54 - loss: 2.5541 - accuracy: 0.3856
 446/1105 [===========>..................] - ETA: 11:53 - loss: 2.5540 - accuracy: 0.3857
 447/1105 [===========>..................] - ETA: 11:52 - loss: 2.5531 - accuracy: 0.3858
 448/1105 [===========>..................] - ETA: 11:51 - loss: 2.5520 - accuracy: 0.3860
 449/1105 [===========>..................] - ETA: 11:50 - loss: 2.5512 - accuracy: 0.3860
 450/1105 [===========>..................] - ETA: 11:48 - loss: 2.5506 - accuracy: 0.3862
 451/1105 [===========>..................] - ETA: 11:47 - loss: 2.5500 - accuracy: 0.3863
 452/1105 [===========>..................] - ETA: 11:46 - loss: 2.5488 - accuracy: 0.3866
 453/1105 [===========>..................] - ETA: 11:45 - loss: 2.5483 - accuracy: 0.3866
 454/1105 [===========>..................] - ETA: 11:44 - loss: 2.5469 - accuracy: 0.3867
 455/1105 [===========>..................] - ETA: 11:43 - loss: 2.5458 - accuracy: 0.3868
 456/1105 [===========>..................] - ETA: 11:42 - loss: 2.5450 - accuracy: 0.3870
 457/1105 [===========>..................] - ETA: 11:41 - loss: 2.5443 - accuracy: 0.3870
 458/1105 [===========>..................] - ETA: 11:40 - loss: 2.5447 - accuracy: 0.3868
 459/1105 [===========>..................] - ETA: 11:39 - loss: 2.5438 - accuracy: 0.3869
 460/1105 [===========>..................] - ETA: 11:38 - loss: 2.5430 - accuracy: 0.3871
 461/1105 [===========>..................] - ETA: 11:37 - loss: 2.5420 - accuracy: 0.3874
 462/1105 [===========>..................] - ETA: 11:36 - loss: 2.5409 - accuracy: 0.3876
 463/1105 [===========>..................] - ETA: 11:35 - loss: 2.5391 - accuracy: 0.3880
 464/1105 [===========>..................] - ETA: 11:34 - loss: 2.5386 - accuracy: 0.3881
 465/1105 [===========>..................] - ETA: 11:33 - loss: 2.5378 - accuracy: 0.3882
 466/1105 [===========>..................] - ETA: 11:32 - loss: 2.5364 - accuracy: 0.3885
 467/1105 [===========>..................] - ETA: 11:31 - loss: 2.5356 - accuracy: 0.3888
 468/1105 [===========>..................] - ETA: 11:30 - loss: 2.5341 - accuracy: 0.3891
 469/1105 [===========>..................] - ETA: 11:29 - loss: 2.5327 - accuracy: 0.3891
 470/1105 [===========>..................] - ETA: 11:28 - loss: 2.5317 - accuracy: 0.3892
 471/1105 [===========>..................] - ETA: 11:26 - loss: 2.5304 - accuracy: 0.3895
 472/1105 [===========>..................] - ETA: 11:25 - loss: 2.5298 - accuracy: 0.3898
 473/1105 [===========>..................] - ETA: 11:24 - loss: 2.5291 - accuracy: 0.3900
 474/1105 [===========>..................] - ETA: 11:23 - loss: 2.5287 - accuracy: 0.3901
 475/1105 [===========>..................] - ETA: 11:22 - loss: 2.5268 - accuracy: 0.3904
 476/1105 [===========>..................] - ETA: 11:21 - loss: 2.5263 - accuracy: 0.3904
 477/1105 [===========>..................] - ETA: 11:20 - loss: 2.5252 - accuracy: 0.3907
 478/1105 [===========>..................] - ETA: 11:19 - loss: 2.5251 - accuracy: 0.3907
 479/1105 [============>.................] - ETA: 11:18 - loss: 2.5249 - accuracy: 0.3906
 480/1105 [============>.................] - ETA: 11:16 - loss: 2.5230 - accuracy: 0.3911
 481/1105 [============>.................] - ETA: 11:15 - loss: 2.5229 - accuracy: 0.3912
 482/1105 [============>.................] - ETA: 11:14 - loss: 2.5216 - accuracy: 0.3915
 483/1105 [============>.................] - ETA: 11:13 - loss: 2.5206 - accuracy: 0.3916
 484/1105 [============>.................] - ETA: 11:12 - loss: 2.5200 - accuracy: 0.3918
 485/1105 [============>.................] - ETA: 11:11 - loss: 2.5190 - accuracy: 0.3919
 486/1105 [============>.................] - ETA: 11:10 - loss: 2.5191 - accuracy: 0.3921
 487/1105 [============>.................] - ETA: 11:09 - loss: 2.5181 - accuracy: 0.3922
 488/1105 [============>.................] - ETA: 11:08 - loss: 2.5163 - accuracy: 0.3926
 489/1105 [============>.................] - ETA: 11:07 - loss: 2.5148 - accuracy: 0.3929
 490/1105 [============>.................] - ETA: 11:06 - loss: 2.5149 - accuracy: 0.3930
 491/1105 [============>.................] - ETA: 11:05 - loss: 2.5148 - accuracy: 0.3931
 492/1105 [============>.................] - ETA: 11:04 - loss: 2.5138 - accuracy: 0.3932
 493/1105 [============>.................] - ETA: 11:03 - loss: 2.5128 - accuracy: 0.3934
 494/1105 [============>.................] - ETA: 11:02 - loss: 2.5110 - accuracy: 0.3939
 495/1105 [============>.................] - ETA: 11:00 - loss: 2.5110 - accuracy: 0.3938
 496/1105 [============>.................] - ETA: 10:59 - loss: 2.5099 - accuracy: 0.3940
 497/1105 [============>.................] - ETA: 10:58 - loss: 2.5100 - accuracy: 0.3940
 498/1105 [============>.................] - ETA: 10:57 - loss: 2.5099 - accuracy: 0.3940
 499/1105 [============>.................] - ETA: 10:56 - loss: 2.5092 - accuracy: 0.3940
 500/1105 [============>.................] - ETA: 10:55 - loss: 2.5076 - accuracy: 0.3943
 501/1105 [============>.................] - ETA: 10:54 - loss: 2.5069 - accuracy: 0.3946
 502/1105 [============>.................] - ETA: 10:53 - loss: 2.5062 - accuracy: 0.3948
 503/1105 [============>.................] - ETA: 10:52 - loss: 2.5056 - accuracy: 0.3949
 504/1105 [============>.................] - ETA: 10:51 - loss: 2.5046 - accuracy: 0.3951
 505/1105 [============>.................] - ETA: 10:50 - loss: 2.5037 - accuracy: 0.3953
 506/1105 [============>.................] - ETA: 10:49 - loss: 2.5024 - accuracy: 0.3956
 507/1105 [============>.................] - ETA: 10:47 - loss: 2.5015 - accuracy: 0.3959
 508/1105 [============>.................] - ETA: 10:46 - loss: 2.4995 - accuracy: 0.3963
 509/1105 [============>.................] - ETA: 10:45 - loss: 2.4992 - accuracy: 0.3963
 510/1105 [============>.................] - ETA: 10:44 - loss: 2.4987 - accuracy: 0.3964
 511/1105 [============>.................] - ETA: 10:43 - loss: 2.4976 - accuracy: 0.3967
 512/1105 [============>.................] - ETA: 10:42 - loss: 2.4973 - accuracy: 0.3968
 513/1105 [============>.................] - ETA: 10:41 - loss: 2.4969 - accuracy: 0.3968
 514/1105 [============>.................] - ETA: 10:40 - loss: 2.4955 - accuracy: 0.3971
 515/1105 [============>.................] - ETA: 10:39 - loss: 2.4949 - accuracy: 0.3972
 516/1105 [=============>................] - ETA: 10:37 - loss: 2.4941 - accuracy: 0.3973
 517/1105 [=============>................] - ETA: 10:36 - loss: 2.4930 - accuracy: 0.3976
 518/1105 [=============>................] - ETA: 10:35 - loss: 2.4918 - accuracy: 0.3978
 519/1105 [=============>................] - ETA: 10:34 - loss: 2.4902 - accuracy: 0.3981
 520/1105 [=============>................] - ETA: 10:33 - loss: 2.4896 - accuracy: 0.3982
 521/1105 [=============>................] - ETA: 10:32 - loss: 2.4887 - accuracy: 0.3984
 522/1105 [=============>................] - ETA: 10:31 - loss: 2.4880 - accuracy: 0.3984
 523/1105 [=============>................] - ETA: 10:30 - loss: 2.4872 - accuracy: 0.3986
 524/1105 [=============>................] - ETA: 10:29 - loss: 2.4859 - accuracy: 0.3989
 525/1105 [=============>................] - ETA: 10:28 - loss: 2.4847 - accuracy: 0.3990
 526/1105 [=============>................] - ETA: 10:26 - loss: 2.4842 - accuracy: 0.3991
 527/1105 [=============>................] - ETA: 10:25 - loss: 2.4837 - accuracy: 0.3993
 528/1105 [=============>................] - ETA: 10:24 - loss: 2.4826 - accuracy: 0.3994
 529/1105 [=============>................] - ETA: 10:23 - loss: 2.4810 - accuracy: 0.3997
 530/1105 [=============>................] - ETA: 10:22 - loss: 2.4798 - accuracy: 0.3999
 531/1105 [=============>................] - ETA: 10:21 - loss: 2.4788 - accuracy: 0.4002
 532/1105 [=============>................] - ETA: 10:20 - loss: 2.4779 - accuracy: 0.4004
 533/1105 [=============>................] - ETA: 10:19 - loss: 2.4769 - accuracy: 0.4006
 534/1105 [=============>................] - ETA: 10:18 - loss: 2.4751 - accuracy: 0.4011
 535/1105 [=============>................] - ETA: 10:17 - loss: 2.4742 - accuracy: 0.4013
 536/1105 [=============>................] - ETA: 10:15 - loss: 2.4738 - accuracy: 0.4015
 537/1105 [=============>................] - ETA: 10:14 - loss: 2.4731 - accuracy: 0.4015
 538/1105 [=============>................] - ETA: 10:13 - loss: 2.4725 - accuracy: 0.4016
 539/1105 [=============>................] - ETA: 10:12 - loss: 2.4714 - accuracy: 0.4018
 540/1105 [=============>................] - ETA: 10:11 - loss: 2.4710 - accuracy: 0.4020
 541/1105 [=============>................] - ETA: 10:10 - loss: 2.4705 - accuracy: 0.4022
 542/1105 [=============>................] - ETA: 10:09 - loss: 2.4699 - accuracy: 0.4022
 543/1105 [=============>................] - ETA: 10:08 - loss: 2.4690 - accuracy: 0.4025
 544/1105 [=============>................] - ETA: 10:07 - loss: 2.4690 - accuracy: 0.4024
 545/1105 [=============>................] - ETA: 10:05 - loss: 2.4686 - accuracy: 0.4026
 546/1105 [=============>................] - ETA: 10:04 - loss: 2.4679 - accuracy: 0.4028
 547/1105 [=============>................] - ETA: 10:03 - loss: 2.4673 - accuracy: 0.4030
 548/1105 [=============>................] - ETA: 10:02 - loss: 2.4666 - accuracy: 0.4031
 549/1105 [=============>................] - ETA: 10:01 - loss: 2.4665 - accuracy: 0.4030
 550/1105 [=============>................] - ETA: 10:00 - loss: 2.4663 - accuracy: 0.4031
 551/1105 [=============>................] - ETA: 9:59 - loss: 2.4651 - accuracy: 0.4033 
 552/1105 [=============>................] - ETA: 9:58 - loss: 2.4642 - accuracy: 0.4036
 553/1105 [==============>...............] - ETA: 9:57 - loss: 2.4635 - accuracy: 0.4037
 554/1105 [==============>...............] - ETA: 9:56 - loss: 2.4632 - accuracy: 0.4038
 555/1105 [==============>...............] - ETA: 9:55 - loss: 2.4619 - accuracy: 0.4041
 556/1105 [==============>...............] - ETA: 9:54 - loss: 2.4614 - accuracy: 0.4042
 557/1105 [==============>...............] - ETA: 9:52 - loss: 2.4608 - accuracy: 0.4044
 558/1105 [==============>...............] - ETA: 9:51 - loss: 2.4606 - accuracy: 0.4043
 559/1105 [==============>...............] - ETA: 9:50 - loss: 2.4598 - accuracy: 0.4046
 560/1105 [==============>...............] - ETA: 9:49 - loss: 2.4589 - accuracy: 0.4049
 561/1105 [==============>...............] - ETA: 9:48 - loss: 2.4578 - accuracy: 0.4053
 562/1105 [==============>...............] - ETA: 9:47 - loss: 2.4573 - accuracy: 0.4055
 563/1105 [==============>...............] - ETA: 9:46 - loss: 2.4559 - accuracy: 0.4058
 564/1105 [==============>...............] - ETA: 9:45 - loss: 2.4554 - accuracy: 0.4059
 565/1105 [==============>...............] - ETA: 9:44 - loss: 2.4546 - accuracy: 0.4061
 566/1105 [==============>...............] - ETA: 9:43 - loss: 2.4545 - accuracy: 0.4061
 567/1105 [==============>...............] - ETA: 9:42 - loss: 2.4537 - accuracy: 0.4061
 568/1105 [==============>...............] - ETA: 9:40 - loss: 2.4525 - accuracy: 0.4064
 569/1105 [==============>...............] - ETA: 9:39 - loss: 2.4523 - accuracy: 0.4065
 570/1105 [==============>...............] - ETA: 9:38 - loss: 2.4515 - accuracy: 0.4067
 571/1105 [==============>...............] - ETA: 9:37 - loss: 2.4505 - accuracy: 0.4069
 572/1105 [==============>...............] - ETA: 9:36 - loss: 2.4499 - accuracy: 0.4070
 573/1105 [==============>...............] - ETA: 9:35 - loss: 2.4495 - accuracy: 0.4071
 574/1105 [==============>...............] - ETA: 9:34 - loss: 2.4494 - accuracy: 0.4072
 575/1105 [==============>...............] - ETA: 9:33 - loss: 2.4483 - accuracy: 0.4075
 576/1105 [==============>...............] - ETA: 9:32 - loss: 2.4468 - accuracy: 0.4077
 577/1105 [==============>...............] - ETA: 9:31 - loss: 2.4456 - accuracy: 0.4078
 578/1105 [==============>...............] - ETA: 9:29 - loss: 2.4446 - accuracy: 0.4080
 579/1105 [==============>...............] - ETA: 9:28 - loss: 2.4440 - accuracy: 0.4081
 580/1105 [==============>...............] - ETA: 9:27 - loss: 2.4429 - accuracy: 0.4083
 581/1105 [==============>...............] - ETA: 9:26 - loss: 2.4417 - accuracy: 0.4085
 582/1105 [==============>...............] - ETA: 9:25 - loss: 2.4409 - accuracy: 0.4088
 583/1105 [==============>...............] - ETA: 9:24 - loss: 2.4399 - accuracy: 0.4088
 584/1105 [==============>...............] - ETA: 9:23 - loss: 2.4392 - accuracy: 0.4088
 585/1105 [==============>...............] - ETA: 9:22 - loss: 2.4384 - accuracy: 0.4091
 586/1105 [==============>...............] - ETA: 9:21 - loss: 2.4375 - accuracy: 0.4092
 587/1105 [==============>...............] - ETA: 9:20 - loss: 2.4372 - accuracy: 0.4093
 588/1105 [==============>...............] - ETA: 9:19 - loss: 2.4363 - accuracy: 0.4094
 589/1105 [==============>...............] - ETA: 9:18 - loss: 2.4359 - accuracy: 0.4094
 590/1105 [===============>..............] - ETA: 9:17 - loss: 2.4353 - accuracy: 0.4096
 591/1105 [===============>..............] - ETA: 9:15 - loss: 2.4358 - accuracy: 0.4096
 592/1105 [===============>..............] - ETA: 9:15 - loss: 2.4354 - accuracy: 0.4097
 593/1105 [===============>..............] - ETA: 9:13 - loss: 2.4343 - accuracy: 0.4100
 594/1105 [===============>..............] - ETA: 9:12 - loss: 2.4336 - accuracy: 0.4102
 595/1105 [===============>..............] - ETA: 9:11 - loss: 2.4333 - accuracy: 0.4103
 596/1105 [===============>..............] - ETA: 9:10 - loss: 2.4333 - accuracy: 0.4103
 597/1105 [===============>..............] - ETA: 9:09 - loss: 2.4329 - accuracy: 0.4101
 598/1105 [===============>..............] - ETA: 9:08 - loss: 2.4320 - accuracy: 0.4103
 599/1105 [===============>..............] - ETA: 9:07 - loss: 2.4313 - accuracy: 0.4104
 600/1105 [===============>..............] - ETA: 9:06 - loss: 2.4304 - accuracy: 0.4106
 601/1105 [===============>..............] - ETA: 9:05 - loss: 2.4297 - accuracy: 0.4108
 602/1105 [===============>..............] - ETA: 9:04 - loss: 2.4287 - accuracy: 0.4109
 603/1105 [===============>..............] - ETA: 9:02 - loss: 2.4279 - accuracy: 0.4111
 604/1105 [===============>..............] - ETA: 9:01 - loss: 2.4271 - accuracy: 0.4114
 605/1105 [===============>..............] - ETA: 9:00 - loss: 2.4265 - accuracy: 0.4116
 606/1105 [===============>..............] - ETA: 8:59 - loss: 2.4259 - accuracy: 0.4118
 607/1105 [===============>..............] - ETA: 8:58 - loss: 2.4249 - accuracy: 0.4119
 608/1105 [===============>..............] - ETA: 8:57 - loss: 2.4251 - accuracy: 0.4118
 609/1105 [===============>..............] - ETA: 8:56 - loss: 2.4244 - accuracy: 0.4120
 610/1105 [===============>..............] - ETA: 8:55 - loss: 2.4245 - accuracy: 0.4119
 611/1105 [===============>..............] - ETA: 8:54 - loss: 2.4241 - accuracy: 0.4119
 612/1105 [===============>..............] - ETA: 8:53 - loss: 2.4231 - accuracy: 0.4120
 613/1105 [===============>..............] - ETA: 8:52 - loss: 2.4227 - accuracy: 0.4121
 614/1105 [===============>..............] - ETA: 8:50 - loss: 2.4217 - accuracy: 0.4122
 615/1105 [===============>..............] - ETA: 8:49 - loss: 2.4211 - accuracy: 0.4123
 616/1105 [===============>..............] - ETA: 8:48 - loss: 2.4209 - accuracy: 0.4123
 617/1105 [===============>..............] - ETA: 8:47 - loss: 2.4207 - accuracy: 0.4124
 618/1105 [===============>..............] - ETA: 8:46 - loss: 2.4199 - accuracy: 0.4125
 619/1105 [===============>..............] - ETA: 8:45 - loss: 2.4190 - accuracy: 0.4127
 620/1105 [===============>..............] - ETA: 8:44 - loss: 2.4184 - accuracy: 0.4127
 621/1105 [===============>..............] - ETA: 8:43 - loss: 2.4177 - accuracy: 0.4129
 622/1105 [===============>..............] - ETA: 8:42 - loss: 2.4166 - accuracy: 0.4130
 623/1105 [===============>..............] - ETA: 8:41 - loss: 2.4153 - accuracy: 0.4133
 624/1105 [===============>..............] - ETA: 8:39 - loss: 2.4153 - accuracy: 0.4133
 625/1105 [===============>..............] - ETA: 8:39 - loss: 2.4140 - accuracy: 0.4136
 626/1105 [===============>..............] - ETA: 8:37 - loss: 2.4136 - accuracy: 0.4136
 627/1105 [================>.............] - ETA: 8:36 - loss: 2.4131 - accuracy: 0.4138
 628/1105 [================>.............] - ETA: 8:35 - loss: 2.4125 - accuracy: 0.4141
 629/1105 [================>.............] - ETA: 8:34 - loss: 2.4117 - accuracy: 0.4141
 630/1105 [================>.............] - ETA: 8:33 - loss: 2.4112 - accuracy: 0.4142
 631/1105 [================>.............] - ETA: 8:32 - loss: 2.4106 - accuracy: 0.4143
 632/1105 [================>.............] - ETA: 8:31 - loss: 2.4092 - accuracy: 0.4146
 633/1105 [================>.............] - ETA: 8:30 - loss: 2.4084 - accuracy: 0.4147
 634/1105 [================>.............] - ETA: 8:29 - loss: 2.4080 - accuracy: 0.4148
 635/1105 [================>.............] - ETA: 8:27 - loss: 2.4073 - accuracy: 0.4149
 636/1105 [================>.............] - ETA: 8:26 - loss: 2.4069 - accuracy: 0.4148
 637/1105 [================>.............] - ETA: 8:25 - loss: 2.4065 - accuracy: 0.4149
 638/1105 [================>.............] - ETA: 8:24 - loss: 2.4059 - accuracy: 0.4150
 639/1105 [================>.............] - ETA: 8:23 - loss: 2.4053 - accuracy: 0.4151
 640/1105 [================>.............] - ETA: 8:22 - loss: 2.4051 - accuracy: 0.4152
 641/1105 [================>.............] - ETA: 8:21 - loss: 2.4039 - accuracy: 0.4153
 642/1105 [================>.............] - ETA: 8:20 - loss: 2.4028 - accuracy: 0.4156
 643/1105 [================>.............] - ETA: 8:19 - loss: 2.4024 - accuracy: 0.4156
 644/1105 [================>.............] - ETA: 8:18 - loss: 2.4022 - accuracy: 0.4156
 645/1105 [================>.............] - ETA: 8:17 - loss: 2.4018 - accuracy: 0.4157
 646/1105 [================>.............] - ETA: 8:16 - loss: 2.4011 - accuracy: 0.4159
 647/1105 [================>.............] - ETA: 8:15 - loss: 2.4002 - accuracy: 0.4160
 648/1105 [================>.............] - ETA: 8:14 - loss: 2.4003 - accuracy: 0.4160
 649/1105 [================>.............] - ETA: 8:13 - loss: 2.4002 - accuracy: 0.4161
 650/1105 [================>.............] - ETA: 8:12 - loss: 2.3995 - accuracy: 0.4161
 651/1105 [================>.............] - ETA: 8:11 - loss: 2.3989 - accuracy: 0.4163
 652/1105 [================>.............] - ETA: 8:10 - loss: 2.3984 - accuracy: 0.4164
 653/1105 [================>.............] - ETA: 8:09 - loss: 2.3977 - accuracy: 0.4165
 654/1105 [================>.............] - ETA: 8:08 - loss: 2.3975 - accuracy: 0.4165
 655/1105 [================>.............] - ETA: 8:06 - loss: 2.3971 - accuracy: 0.4165
 656/1105 [================>.............] - ETA: 8:05 - loss: 2.3962 - accuracy: 0.4166
 657/1105 [================>.............] - ETA: 8:04 - loss: 2.3960 - accuracy: 0.4167
 658/1105 [================>.............] - ETA: 8:03 - loss: 2.3949 - accuracy: 0.4170
 659/1105 [================>.............] - ETA: 8:02 - loss: 2.3941 - accuracy: 0.4171
 660/1105 [================>.............] - ETA: 8:01 - loss: 2.3931 - accuracy: 0.4174
 661/1105 [================>.............] - ETA: 8:00 - loss: 2.3927 - accuracy: 0.4175
 662/1105 [================>.............] - ETA: 7:59 - loss: 2.3919 - accuracy: 0.4177
 663/1105 [=================>............] - ETA: 7:58 - loss: 2.3915 - accuracy: 0.4177
 664/1105 [=================>............] - ETA: 7:57 - loss: 2.3903 - accuracy: 0.4179
 665/1105 [=================>............] - ETA: 7:56 - loss: 2.3900 - accuracy: 0.4180
 666/1105 [=================>............] - ETA: 7:55 - loss: 2.3889 - accuracy: 0.4181
 667/1105 [=================>............] - ETA: 7:54 - loss: 2.3880 - accuracy: 0.4183
 668/1105 [=================>............] - ETA: 7:53 - loss: 2.3871 - accuracy: 0.4185
 669/1105 [=================>............] - ETA: 7:51 - loss: 2.3864 - accuracy: 0.4186
 670/1105 [=================>............] - ETA: 7:50 - loss: 2.3855 - accuracy: 0.4188
 671/1105 [=================>............] - ETA: 7:49 - loss: 2.3852 - accuracy: 0.4188
 672/1105 [=================>............] - ETA: 7:48 - loss: 2.3854 - accuracy: 0.4188
 673/1105 [=================>............] - ETA: 7:47 - loss: 2.3847 - accuracy: 0.4189
 674/1105 [=================>............] - ETA: 7:46 - loss: 2.3834 - accuracy: 0.4192
 675/1105 [=================>............] - ETA: 7:45 - loss: 2.3826 - accuracy: 0.4195
 676/1105 [=================>............] - ETA: 7:44 - loss: 2.3822 - accuracy: 0.4196
 677/1105 [=================>............] - ETA: 7:43 - loss: 2.3813 - accuracy: 0.4198
 678/1105 [=================>............] - ETA: 7:42 - loss: 2.3801 - accuracy: 0.4200
 679/1105 [=================>............] - ETA: 7:41 - loss: 2.3796 - accuracy: 0.4201
 680/1105 [=================>............] - ETA: 7:39 - loss: 2.3793 - accuracy: 0.4202
 681/1105 [=================>............] - ETA: 7:38 - loss: 2.3781 - accuracy: 0.4204
 682/1105 [=================>............] - ETA: 7:37 - loss: 2.3777 - accuracy: 0.4205
 683/1105 [=================>............] - ETA: 7:36 - loss: 2.3770 - accuracy: 0.4205
 684/1105 [=================>............] - ETA: 7:35 - loss: 2.3763 - accuracy: 0.4207
 685/1105 [=================>............] - ETA: 7:34 - loss: 2.3758 - accuracy: 0.4208
 686/1105 [=================>............] - ETA: 7:33 - loss: 2.3748 - accuracy: 0.4210
 687/1105 [=================>............] - ETA: 7:32 - loss: 2.3741 - accuracy: 0.4211
 688/1105 [=================>............] - ETA: 7:31 - loss: 2.3728 - accuracy: 0.4214
 689/1105 [=================>............] - ETA: 7:30 - loss: 2.3723 - accuracy: 0.4214
 690/1105 [=================>............] - ETA: 7:29 - loss: 2.3720 - accuracy: 0.4215
 691/1105 [=================>............] - ETA: 7:28 - loss: 2.3714 - accuracy: 0.4216
 692/1105 [=================>............] - ETA: 7:26 - loss: 2.3711 - accuracy: 0.4218
 693/1105 [=================>............] - ETA: 7:25 - loss: 2.3702 - accuracy: 0.4220
 694/1105 [=================>............] - ETA: 7:24 - loss: 2.3697 - accuracy: 0.4221
 695/1105 [=================>............] - ETA: 7:23 - loss: 2.3686 - accuracy: 0.4223
 696/1105 [=================>............] - ETA: 7:22 - loss: 2.3679 - accuracy: 0.4225
 697/1105 [=================>............] - ETA: 7:21 - loss: 2.3666 - accuracy: 0.4227
 698/1105 [=================>............] - ETA: 7:20 - loss: 2.3659 - accuracy: 0.4228
 699/1105 [=================>............] - ETA: 7:19 - loss: 2.3651 - accuracy: 0.4230
 700/1105 [==================>...........] - ETA: 7:18 - loss: 2.3646 - accuracy: 0.4232
 701/1105 [==================>...........] - ETA: 7:17 - loss: 2.3643 - accuracy: 0.4233
 702/1105 [==================>...........] - ETA: 7:16 - loss: 2.3640 - accuracy: 0.4234
 703/1105 [==================>...........] - ETA: 7:15 - loss: 2.3635 - accuracy: 0.4235
 704/1105 [==================>...........] - ETA: 7:13 - loss: 2.3633 - accuracy: 0.4235
 705/1105 [==================>...........] - ETA: 7:12 - loss: 2.3623 - accuracy: 0.4237
 706/1105 [==================>...........] - ETA: 7:11 - loss: 2.3618 - accuracy: 0.4239
 707/1105 [==================>...........] - ETA: 7:10 - loss: 2.3616 - accuracy: 0.4239
 708/1105 [==================>...........] - ETA: 7:09 - loss: 2.3611 - accuracy: 0.4240
 709/1105 [==================>...........] - ETA: 7:08 - loss: 2.3609 - accuracy: 0.4241
 710/1105 [==================>...........] - ETA: 7:07 - loss: 2.3615 - accuracy: 0.4240
 711/1105 [==================>...........] - ETA: 7:06 - loss: 2.3612 - accuracy: 0.4241
 712/1105 [==================>...........] - ETA: 7:05 - loss: 2.3612 - accuracy: 0.4240
 713/1105 [==================>...........] - ETA: 7:04 - loss: 2.3604 - accuracy: 0.4242
 714/1105 [==================>...........] - ETA: 7:03 - loss: 2.3594 - accuracy: 0.4244
 715/1105 [==================>...........] - ETA: 7:01 - loss: 2.3590 - accuracy: 0.4244
 716/1105 [==================>...........] - ETA: 7:00 - loss: 2.3591 - accuracy: 0.4244
 717/1105 [==================>...........] - ETA: 6:59 - loss: 2.3588 - accuracy: 0.4246
 718/1105 [==================>...........] - ETA: 6:58 - loss: 2.3586 - accuracy: 0.4247
 719/1105 [==================>...........] - ETA: 6:57 - loss: 2.3584 - accuracy: 0.4247
 720/1105 [==================>...........] - ETA: 6:56 - loss: 2.3577 - accuracy: 0.4248
 721/1105 [==================>...........] - ETA: 6:55 - loss: 2.3568 - accuracy: 0.4250
 722/1105 [==================>...........] - ETA: 6:54 - loss: 2.3563 - accuracy: 0.4250
 723/1105 [==================>...........] - ETA: 6:53 - loss: 2.3558 - accuracy: 0.4251
 724/1105 [==================>...........] - ETA: 6:52 - loss: 2.3558 - accuracy: 0.4251
 725/1105 [==================>...........] - ETA: 6:51 - loss: 2.3550 - accuracy: 0.4252
 726/1105 [==================>...........] - ETA: 6:50 - loss: 2.3538 - accuracy: 0.4254
 727/1105 [==================>...........] - ETA: 6:49 - loss: 2.3532 - accuracy: 0.4255
 728/1105 [==================>...........] - ETA: 6:48 - loss: 2.3526 - accuracy: 0.4255
 729/1105 [==================>...........] - ETA: 6:46 - loss: 2.3520 - accuracy: 0.4256
 730/1105 [==================>...........] - ETA: 6:45 - loss: 2.3509 - accuracy: 0.4257
 731/1105 [==================>...........] - ETA: 6:44 - loss: 2.3497 - accuracy: 0.4259
 732/1105 [==================>...........] - ETA: 6:43 - loss: 2.3493 - accuracy: 0.4260
 733/1105 [==================>...........] - ETA: 6:42 - loss: 2.3487 - accuracy: 0.4261
 734/1105 [==================>...........] - ETA: 6:41 - loss: 2.3479 - accuracy: 0.4263
 735/1105 [==================>...........] - ETA: 6:40 - loss: 2.3474 - accuracy: 0.4264
 736/1105 [==================>...........] - ETA: 6:39 - loss: 2.3465 - accuracy: 0.4265
 737/1105 [===================>..........] - ETA: 6:38 - loss: 2.3465 - accuracy: 0.4264
 738/1105 [===================>..........] - ETA: 6:37 - loss: 2.3460 - accuracy: 0.4265
 739/1105 [===================>..........] - ETA: 6:36 - loss: 2.3455 - accuracy: 0.4266
 740/1105 [===================>..........] - ETA: 6:35 - loss: 2.3448 - accuracy: 0.4267
 741/1105 [===================>..........] - ETA: 6:34 - loss: 2.3440 - accuracy: 0.4268
 742/1105 [===================>..........] - ETA: 6:33 - loss: 2.3432 - accuracy: 0.4270
 743/1105 [===================>..........] - ETA: 6:31 - loss: 2.3430 - accuracy: 0.4270
 744/1105 [===================>..........] - ETA: 6:30 - loss: 2.3419 - accuracy: 0.4272
 745/1105 [===================>..........] - ETA: 6:29 - loss: 2.3417 - accuracy: 0.4272
 746/1105 [===================>..........] - ETA: 6:28 - loss: 2.3414 - accuracy: 0.4272
 747/1105 [===================>..........] - ETA: 6:27 - loss: 2.3407 - accuracy: 0.4274
 748/1105 [===================>..........] - ETA: 6:26 - loss: 2.3399 - accuracy: 0.4276
 749/1105 [===================>..........] - ETA: 6:25 - loss: 2.3396 - accuracy: 0.4278
 750/1105 [===================>..........] - ETA: 6:24 - loss: 2.3395 - accuracy: 0.4277
 751/1105 [===================>..........] - ETA: 6:23 - loss: 2.3390 - accuracy: 0.4278
 752/1105 [===================>..........] - ETA: 6:22 - loss: 2.3378 - accuracy: 0.4280
 753/1105 [===================>..........] - ETA: 6:21 - loss: 2.3377 - accuracy: 0.4280
 754/1105 [===================>..........] - ETA: 6:19 - loss: 2.3370 - accuracy: 0.4282
 755/1105 [===================>..........] - ETA: 6:18 - loss: 2.3360 - accuracy: 0.4284
 756/1105 [===================>..........] - ETA: 6:17 - loss: 2.3354 - accuracy: 0.4285
 757/1105 [===================>..........] - ETA: 6:16 - loss: 2.3344 - accuracy: 0.4287
 758/1105 [===================>..........] - ETA: 6:15 - loss: 2.3336 - accuracy: 0.4289
 759/1105 [===================>..........] - ETA: 6:14 - loss: 2.3331 - accuracy: 0.4290
 760/1105 [===================>..........] - ETA: 6:13 - loss: 2.3329 - accuracy: 0.4291
 761/1105 [===================>..........] - ETA: 6:12 - loss: 2.3327 - accuracy: 0.4291
 762/1105 [===================>..........] - ETA: 6:11 - loss: 2.3324 - accuracy: 0.4291
 763/1105 [===================>..........] - ETA: 6:10 - loss: 2.3314 - accuracy: 0.4293
 764/1105 [===================>..........] - ETA: 6:09 - loss: 2.3304 - accuracy: 0.4295
 765/1105 [===================>..........] - ETA: 6:07 - loss: 2.3298 - accuracy: 0.4296
 766/1105 [===================>..........] - ETA: 6:06 - loss: 2.3294 - accuracy: 0.4297
 767/1105 [===================>..........] - ETA: 6:05 - loss: 2.3292 - accuracy: 0.4297
 768/1105 [===================>..........] - ETA: 6:04 - loss: 2.3282 - accuracy: 0.4300
 769/1105 [===================>..........] - ETA: 6:03 - loss: 2.3277 - accuracy: 0.4301
 770/1105 [===================>..........] - ETA: 6:02 - loss: 2.3271 - accuracy: 0.4302
 771/1105 [===================>..........] - ETA: 6:01 - loss: 2.3264 - accuracy: 0.4304
 772/1105 [===================>..........] - ETA: 6:00 - loss: 2.3259 - accuracy: 0.4305
 773/1105 [===================>..........] - ETA: 5:59 - loss: 2.3258 - accuracy: 0.4304
 774/1105 [====================>.........] - ETA: 5:58 - loss: 2.3249 - accuracy: 0.4306
 775/1105 [====================>.........] - ETA: 5:57 - loss: 2.3250 - accuracy: 0.4306
 776/1105 [====================>.........] - ETA: 5:56 - loss: 2.3244 - accuracy: 0.4308
 777/1105 [====================>.........] - ETA: 5:55 - loss: 2.3235 - accuracy: 0.4311
 778/1105 [====================>.........] - ETA: 5:54 - loss: 2.3227 - accuracy: 0.4312
 779/1105 [====================>.........] - ETA: 5:52 - loss: 2.3220 - accuracy: 0.4312
 780/1105 [====================>.........] - ETA: 5:51 - loss: 2.3212 - accuracy: 0.4314
 781/1105 [====================>.........] - ETA: 5:50 - loss: 2.3211 - accuracy: 0.4315
 782/1105 [====================>.........] - ETA: 5:49 - loss: 2.3206 - accuracy: 0.4316
 783/1105 [====================>.........] - ETA: 5:48 - loss: 2.3202 - accuracy: 0.4316
 784/1105 [====================>.........] - ETA: 5:47 - loss: 2.3196 - accuracy: 0.4318
 785/1105 [====================>.........] - ETA: 5:46 - loss: 2.3190 - accuracy: 0.4319
 786/1105 [====================>.........] - ETA: 5:45 - loss: 2.3185 - accuracy: 0.4319
 787/1105 [====================>.........] - ETA: 5:44 - loss: 2.3174 - accuracy: 0.4321
 788/1105 [====================>.........] - ETA: 5:43 - loss: 2.3166 - accuracy: 0.4323
 789/1105 [====================>.........] - ETA: 5:42 - loss: 2.3164 - accuracy: 0.4323
 790/1105 [====================>.........] - ETA: 5:41 - loss: 2.3163 - accuracy: 0.4322
 791/1105 [====================>.........] - ETA: 5:39 - loss: 2.3160 - accuracy: 0.4322
 792/1105 [====================>.........] - ETA: 5:38 - loss: 2.3160 - accuracy: 0.4322
 793/1105 [====================>.........] - ETA: 5:37 - loss: 2.3155 - accuracy: 0.4324
 794/1105 [====================>.........] - ETA: 5:36 - loss: 2.3153 - accuracy: 0.4324
 795/1105 [====================>.........] - ETA: 5:35 - loss: 2.3153 - accuracy: 0.4323
 796/1105 [====================>.........] - ETA: 5:34 - loss: 2.3150 - accuracy: 0.4324
 797/1105 [====================>.........] - ETA: 5:33 - loss: 2.3144 - accuracy: 0.4326
 798/1105 [====================>.........] - ETA: 5:32 - loss: 2.3142 - accuracy: 0.4326
 799/1105 [====================>.........] - ETA: 5:31 - loss: 2.3140 - accuracy: 0.4326
 800/1105 [====================>.........] - ETA: 5:30 - loss: 2.3136 - accuracy: 0.4326
 801/1105 [====================>.........] - ETA: 5:29 - loss: 2.3132 - accuracy: 0.4328
 802/1105 [====================>.........] - ETA: 5:28 - loss: 2.3128 - accuracy: 0.4328
 803/1105 [====================>.........] - ETA: 5:26 - loss: 2.3125 - accuracy: 0.4328
 804/1105 [====================>.........] - ETA: 5:25 - loss: 2.3122 - accuracy: 0.4328
 805/1105 [====================>.........] - ETA: 5:24 - loss: 2.3123 - accuracy: 0.4329
 806/1105 [====================>.........] - ETA: 5:23 - loss: 2.3114 - accuracy: 0.4331
 807/1105 [====================>.........] - ETA: 5:22 - loss: 2.3113 - accuracy: 0.4332
 808/1105 [====================>.........] - ETA: 5:21 - loss: 2.3106 - accuracy: 0.4333
 809/1105 [====================>.........] - ETA: 5:20 - loss: 2.3106 - accuracy: 0.4334
 810/1105 [====================>.........] - ETA: 5:19 - loss: 2.3102 - accuracy: 0.4336
 811/1105 [=====================>........] - ETA: 5:18 - loss: 2.3102 - accuracy: 0.4336
 812/1105 [=====================>........] - ETA: 5:17 - loss: 2.3097 - accuracy: 0.4338
 813/1105 [=====================>........] - ETA: 5:16 - loss: 2.3087 - accuracy: 0.4340
 814/1105 [=====================>........] - ETA: 5:15 - loss: 2.3081 - accuracy: 0.4341
 815/1105 [=====================>........] - ETA: 5:14 - loss: 2.3078 - accuracy: 0.4341
 816/1105 [=====================>........] - ETA: 5:12 - loss: 2.3070 - accuracy: 0.4343
 817/1105 [=====================>........] - ETA: 5:11 - loss: 2.3066 - accuracy: 0.4344
 818/1105 [=====================>........] - ETA: 5:10 - loss: 2.3063 - accuracy: 0.4345
 819/1105 [=====================>........] - ETA: 5:09 - loss: 2.3058 - accuracy: 0.4346
 820/1105 [=====================>........] - ETA: 5:08 - loss: 2.3049 - accuracy: 0.4348
 821/1105 [=====================>........] - ETA: 5:07 - loss: 2.3043 - accuracy: 0.4350
 822/1105 [=====================>........] - ETA: 5:06 - loss: 2.3043 - accuracy: 0.4350
 823/1105 [=====================>........] - ETA: 5:05 - loss: 2.3041 - accuracy: 0.4350
 824/1105 [=====================>........] - ETA: 5:04 - loss: 2.3040 - accuracy: 0.4350
 825/1105 [=====================>........] - ETA: 5:03 - loss: 2.3035 - accuracy: 0.4351
 826/1105 [=====================>........] - ETA: 5:02 - loss: 2.3030 - accuracy: 0.4353
 827/1105 [=====================>........] - ETA: 5:01 - loss: 2.3020 - accuracy: 0.4355
 828/1105 [=====================>........] - ETA: 5:00 - loss: 2.3015 - accuracy: 0.4356
 829/1105 [=====================>........] - ETA: 4:58 - loss: 2.3010 - accuracy: 0.4357
 830/1105 [=====================>........] - ETA: 4:57 - loss: 2.3001 - accuracy: 0.4360
 831/1105 [=====================>........] - ETA: 4:56 - loss: 2.2990 - accuracy: 0.4362
 832/1105 [=====================>........] - ETA: 4:55 - loss: 2.2987 - accuracy: 0.4363
 833/1105 [=====================>........] - ETA: 4:54 - loss: 2.2984 - accuracy: 0.4363
 834/1105 [=====================>........] - ETA: 4:53 - loss: 2.2981 - accuracy: 0.4364
 835/1105 [=====================>........] - ETA: 4:52 - loss: 2.2969 - accuracy: 0.4366
 836/1105 [=====================>........] - ETA: 4:51 - loss: 2.2961 - accuracy: 0.4368
 837/1105 [=====================>........] - ETA: 4:50 - loss: 2.2957 - accuracy: 0.4368
 838/1105 [=====================>........] - ETA: 4:49 - loss: 2.2946 - accuracy: 0.4370
 839/1105 [=====================>........] - ETA: 4:48 - loss: 2.2937 - accuracy: 0.4373
 840/1105 [=====================>........] - ETA: 4:47 - loss: 2.2933 - accuracy: 0.4373
 841/1105 [=====================>........] - ETA: 4:46 - loss: 2.2924 - accuracy: 0.4376
 842/1105 [=====================>........] - ETA: 4:44 - loss: 2.2918 - accuracy: 0.4377
 843/1105 [=====================>........] - ETA: 4:43 - loss: 2.2907 - accuracy: 0.4380
 844/1105 [=====================>........] - ETA: 4:42 - loss: 2.2908 - accuracy: 0.4379
 845/1105 [=====================>........] - ETA: 4:41 - loss: 2.2899 - accuracy: 0.4381
 846/1105 [=====================>........] - ETA: 4:40 - loss: 2.2898 - accuracy: 0.4380
 847/1105 [=====================>........] - ETA: 4:39 - loss: 2.2889 - accuracy: 0.4382
 848/1105 [======================>.......] - ETA: 4:38 - loss: 2.2889 - accuracy: 0.4382
 849/1105 [======================>.......] - ETA: 4:37 - loss: 2.2881 - accuracy: 0.4384
 850/1105 [======================>.......] - ETA: 4:36 - loss: 2.2874 - accuracy: 0.4386
 851/1105 [======================>.......] - ETA: 4:35 - loss: 2.2873 - accuracy: 0.4386
 852/1105 [======================>.......] - ETA: 4:34 - loss: 2.2870 - accuracy: 0.4386
 853/1105 [======================>.......] - ETA: 4:33 - loss: 2.2871 - accuracy: 0.4386
 854/1105 [======================>.......] - ETA: 4:32 - loss: 2.2862 - accuracy: 0.4388
 855/1105 [======================>.......] - ETA: 4:30 - loss: 2.2854 - accuracy: 0.4390
 856/1105 [======================>.......] - ETA: 4:29 - loss: 2.2849 - accuracy: 0.4391
 857/1105 [======================>.......] - ETA: 4:28 - loss: 2.2845 - accuracy: 0.4392
 858/1105 [======================>.......] - ETA: 4:27 - loss: 2.2842 - accuracy: 0.4392
 859/1105 [======================>.......] - ETA: 4:26 - loss: 2.2834 - accuracy: 0.4394
 860/1105 [======================>.......] - ETA: 4:25 - loss: 2.2831 - accuracy: 0.4396
 861/1105 [======================>.......] - ETA: 4:24 - loss: 2.2826 - accuracy: 0.4397
 862/1105 [======================>.......] - ETA: 4:23 - loss: 2.2825 - accuracy: 0.4396
 863/1105 [======================>.......] - ETA: 4:22 - loss: 2.2821 - accuracy: 0.4397
 864/1105 [======================>.......] - ETA: 4:21 - loss: 2.2818 - accuracy: 0.4397
 865/1105 [======================>.......] - ETA: 4:20 - loss: 2.2807 - accuracy: 0.4400
 866/1105 [======================>.......] - ETA: 4:19 - loss: 2.2804 - accuracy: 0.4401
 867/1105 [======================>.......] - ETA: 4:17 - loss: 2.2801 - accuracy: 0.4401
 868/1105 [======================>.......] - ETA: 4:16 - loss: 2.2795 - accuracy: 0.4402
 869/1105 [======================>.......] - ETA: 4:15 - loss: 2.2791 - accuracy: 0.4403
 870/1105 [======================>.......] - ETA: 4:14 - loss: 2.2787 - accuracy: 0.4404
 871/1105 [======================>.......] - ETA: 4:13 - loss: 2.2784 - accuracy: 0.4404
 872/1105 [======================>.......] - ETA: 4:12 - loss: 2.2782 - accuracy: 0.4405
 873/1105 [======================>.......] - ETA: 4:11 - loss: 2.2779 - accuracy: 0.4406
 874/1105 [======================>.......] - ETA: 4:10 - loss: 2.2774 - accuracy: 0.4407
 875/1105 [======================>.......] - ETA: 4:09 - loss: 2.2766 - accuracy: 0.4409
 876/1105 [======================>.......] - ETA: 4:08 - loss: 2.2763 - accuracy: 0.4410
 877/1105 [======================>.......] - ETA: 4:07 - loss: 2.2762 - accuracy: 0.4410
 878/1105 [======================>.......] - ETA: 4:06 - loss: 2.2759 - accuracy: 0.4410
 879/1105 [======================>.......] - ETA: 4:04 - loss: 2.2758 - accuracy: 0.4410
 880/1105 [======================>.......] - ETA: 4:03 - loss: 2.2751 - accuracy: 0.4412
 881/1105 [======================>.......] - ETA: 4:02 - loss: 2.2748 - accuracy: 0.4412
 882/1105 [======================>.......] - ETA: 4:01 - loss: 2.2746 - accuracy: 0.4413
 883/1105 [======================>.......] - ETA: 4:00 - loss: 2.2744 - accuracy: 0.4413
 884/1105 [=======================>......] - ETA: 3:59 - loss: 2.2741 - accuracy: 0.4414
 885/1105 [=======================>......] - ETA: 3:58 - loss: 2.2741 - accuracy: 0.4413
 886/1105 [=======================>......] - ETA: 3:57 - loss: 2.2736 - accuracy: 0.4415
 887/1105 [=======================>......] - ETA: 3:56 - loss: 2.2734 - accuracy: 0.4415
 888/1105 [=======================>......] - ETA: 3:55 - loss: 2.2732 - accuracy: 0.4416
 889/1105 [=======================>......] - ETA: 3:54 - loss: 2.2729 - accuracy: 0.4417
 890/1105 [=======================>......] - ETA: 3:52 - loss: 2.2724 - accuracy: 0.4418
 891/1105 [=======================>......] - ETA: 3:51 - loss: 2.2722 - accuracy: 0.4418
 892/1105 [=======================>......] - ETA: 3:50 - loss: 2.2720 - accuracy: 0.4419
 893/1105 [=======================>......] - ETA: 3:49 - loss: 2.2716 - accuracy: 0.4420
 894/1105 [=======================>......] - ETA: 3:48 - loss: 2.2711 - accuracy: 0.4420
 895/1105 [=======================>......] - ETA: 3:47 - loss: 2.2710 - accuracy: 0.4420
 896/1105 [=======================>......] - ETA: 3:46 - loss: 2.2708 - accuracy: 0.4421
 897/1105 [=======================>......] - ETA: 3:45 - loss: 2.2701 - accuracy: 0.4422
 898/1105 [=======================>......] - ETA: 3:44 - loss: 2.2695 - accuracy: 0.4423
 899/1105 [=======================>......] - ETA: 3:43 - loss: 2.2690 - accuracy: 0.4424
 900/1105 [=======================>......] - ETA: 3:42 - loss: 2.2689 - accuracy: 0.4424
 901/1105 [=======================>......] - ETA: 3:41 - loss: 2.2684 - accuracy: 0.4425
 902/1105 [=======================>......] - ETA: 3:40 - loss: 2.2683 - accuracy: 0.4425
 903/1105 [=======================>......] - ETA: 3:38 - loss: 2.2681 - accuracy: 0.4425
 904/1105 [=======================>......] - ETA: 3:37 - loss: 2.2675 - accuracy: 0.4426
 905/1105 [=======================>......] - ETA: 3:36 - loss: 2.2672 - accuracy: 0.4427
 906/1105 [=======================>......] - ETA: 3:35 - loss: 2.2673 - accuracy: 0.4427
 907/1105 [=======================>......] - ETA: 3:34 - loss: 2.2664 - accuracy: 0.4429
 908/1105 [=======================>......] - ETA: 3:33 - loss: 2.2658 - accuracy: 0.4431
 909/1105 [=======================>......] - ETA: 3:32 - loss: 2.2653 - accuracy: 0.4432
 910/1105 [=======================>......] - ETA: 3:31 - loss: 2.2654 - accuracy: 0.4431
 911/1105 [=======================>......] - ETA: 3:30 - loss: 2.2651 - accuracy: 0.4431
 912/1105 [=======================>......] - ETA: 3:29 - loss: 2.2646 - accuracy: 0.4433
 913/1105 [=======================>......] - ETA: 3:28 - loss: 2.2644 - accuracy: 0.4433
 914/1105 [=======================>......] - ETA: 3:27 - loss: 2.2641 - accuracy: 0.4433
 915/1105 [=======================>......] - ETA: 3:25 - loss: 2.2638 - accuracy: 0.4434
 916/1105 [=======================>......] - ETA: 3:24 - loss: 2.2633 - accuracy: 0.4435
 917/1105 [=======================>......] - ETA: 3:23 - loss: 2.2630 - accuracy: 0.4435
 918/1105 [=======================>......] - ETA: 3:22 - loss: 2.2622 - accuracy: 0.4437
 919/1105 [=======================>......] - ETA: 3:21 - loss: 2.2616 - accuracy: 0.4438
 920/1105 [=======================>......] - ETA: 3:20 - loss: 2.2611 - accuracy: 0.4440
 921/1105 [========================>.....] - ETA: 3:19 - loss: 2.2606 - accuracy: 0.4441
 922/1105 [========================>.....] - ETA: 3:18 - loss: 2.2604 - accuracy: 0.4442
 923/1105 [========================>.....] - ETA: 3:17 - loss: 2.2603 - accuracy: 0.4442
 924/1105 [========================>.....] - ETA: 3:16 - loss: 2.2597 - accuracy: 0.4442
 925/1105 [========================>.....] - ETA: 3:15 - loss: 2.2594 - accuracy: 0.4443
 926/1105 [========================>.....] - ETA: 3:14 - loss: 2.2594 - accuracy: 0.4442
 927/1105 [========================>.....] - ETA: 3:12 - loss: 2.2589 - accuracy: 0.4443
 928/1105 [========================>.....] - ETA: 3:11 - loss: 2.2584 - accuracy: 0.4444
 929/1105 [========================>.....] - ETA: 3:10 - loss: 2.2582 - accuracy: 0.4444
 930/1105 [========================>.....] - ETA: 3:09 - loss: 2.2580 - accuracy: 0.4445
 931/1105 [========================>.....] - ETA: 3:08 - loss: 2.2576 - accuracy: 0.4445
 932/1105 [========================>.....] - ETA: 3:07 - loss: 2.2577 - accuracy: 0.4445
 933/1105 [========================>.....] - ETA: 3:06 - loss: 2.2572 - accuracy: 0.4446
 934/1105 [========================>.....] - ETA: 3:05 - loss: 2.2572 - accuracy: 0.4445
 935/1105 [========================>.....] - ETA: 3:04 - loss: 2.2566 - accuracy: 0.4446
 936/1105 [========================>.....] - ETA: 3:03 - loss: 2.2562 - accuracy: 0.4447
 937/1105 [========================>.....] - ETA: 3:02 - loss: 2.2554 - accuracy: 0.4448
 938/1105 [========================>.....] - ETA: 3:01 - loss: 2.2549 - accuracy: 0.4449
 939/1105 [========================>.....] - ETA: 3:00 - loss: 2.2544 - accuracy: 0.4449
 940/1105 [========================>.....] - ETA: 2:58 - loss: 2.2543 - accuracy: 0.4450
 941/1105 [========================>.....] - ETA: 2:57 - loss: 2.2540 - accuracy: 0.4451
 942/1105 [========================>.....] - ETA: 2:56 - loss: 2.2533 - accuracy: 0.4452
 943/1105 [========================>.....] - ETA: 2:55 - loss: 2.2532 - accuracy: 0.4452
 944/1105 [========================>.....] - ETA: 2:54 - loss: 2.2531 - accuracy: 0.4453
 945/1105 [========================>.....] - ETA: 2:53 - loss: 2.2529 - accuracy: 0.4454
 946/1105 [========================>.....] - ETA: 2:52 - loss: 2.2527 - accuracy: 0.4453
 947/1105 [========================>.....] - ETA: 2:51 - loss: 2.2523 - accuracy: 0.4455
 948/1105 [========================>.....] - ETA: 2:50 - loss: 2.2518 - accuracy: 0.4455
 949/1105 [========================>.....] - ETA: 2:49 - loss: 2.2515 - accuracy: 0.4456
 950/1105 [========================>.....] - ETA: 2:48 - loss: 2.2513 - accuracy: 0.4457
 951/1105 [========================>.....] - ETA: 2:47 - loss: 2.2514 - accuracy: 0.4457
 952/1105 [========================>.....] - ETA: 2:45 - loss: 2.2509 - accuracy: 0.4458
 953/1105 [========================>.....] - ETA: 2:44 - loss: 2.2504 - accuracy: 0.4459
 954/1105 [========================>.....] - ETA: 2:43 - loss: 2.2499 - accuracy: 0.4460
 955/1105 [========================>.....] - ETA: 2:42 - loss: 2.2496 - accuracy: 0.4461
 956/1105 [========================>.....] - ETA: 2:41 - loss: 2.2491 - accuracy: 0.4461
 957/1105 [========================>.....] - ETA: 2:40 - loss: 2.2485 - accuracy: 0.4462
 958/1105 [=========================>....] - ETA: 2:39 - loss: 2.2481 - accuracy: 0.4463
 959/1105 [=========================>....] - ETA: 2:38 - loss: 2.2474 - accuracy: 0.4465
 960/1105 [=========================>....] - ETA: 2:37 - loss: 2.2472 - accuracy: 0.4465
 961/1105 [=========================>....] - ETA: 2:36 - loss: 2.2470 - accuracy: 0.4466
 962/1105 [=========================>....] - ETA: 2:35 - loss: 2.2470 - accuracy: 0.4466
 963/1105 [=========================>....] - ETA: 2:33 - loss: 2.2466 - accuracy: 0.4467
 964/1105 [=========================>....] - ETA: 2:32 - loss: 2.2458 - accuracy: 0.4469
 965/1105 [=========================>....] - ETA: 2:31 - loss: 2.2455 - accuracy: 0.4471
 966/1105 [=========================>....] - ETA: 2:30 - loss: 2.2452 - accuracy: 0.4471
 967/1105 [=========================>....] - ETA: 2:29 - loss: 2.2448 - accuracy: 0.4472
 968/1105 [=========================>....] - ETA: 2:28 - loss: 2.2445 - accuracy: 0.4473
 969/1105 [=========================>....] - ETA: 2:27 - loss: 2.2445 - accuracy: 0.4474
 970/1105 [=========================>....] - ETA: 2:26 - loss: 2.2443 - accuracy: 0.4474
 971/1105 [=========================>....] - ETA: 2:25 - loss: 2.2438 - accuracy: 0.4474
 972/1105 [=========================>....] - ETA: 2:24 - loss: 2.2434 - accuracy: 0.4475
 973/1105 [=========================>....] - ETA: 2:23 - loss: 2.2433 - accuracy: 0.4476
 974/1105 [=========================>....] - ETA: 2:22 - loss: 2.2429 - accuracy: 0.4476
 975/1105 [=========================>....] - ETA: 2:20 - loss: 2.2424 - accuracy: 0.4478
 976/1105 [=========================>....] - ETA: 2:19 - loss: 2.2420 - accuracy: 0.4479
 977/1105 [=========================>....] - ETA: 2:18 - loss: 2.2419 - accuracy: 0.4480
 978/1105 [=========================>....] - ETA: 2:17 - loss: 2.2421 - accuracy: 0.4479
 979/1105 [=========================>....] - ETA: 2:16 - loss: 2.2418 - accuracy: 0.4479
 980/1105 [=========================>....] - ETA: 2:15 - loss: 2.2416 - accuracy: 0.4479
 981/1105 [=========================>....] - ETA: 2:14 - loss: 2.2409 - accuracy: 0.4481
 982/1105 [=========================>....] - ETA: 2:13 - loss: 2.2403 - accuracy: 0.4482
 983/1105 [=========================>....] - ETA: 2:12 - loss: 2.2399 - accuracy: 0.4483
 984/1105 [=========================>....] - ETA: 2:11 - loss: 2.2395 - accuracy: 0.4484
 985/1105 [=========================>....] - ETA: 2:10 - loss: 2.2393 - accuracy: 0.4484
 986/1105 [=========================>....] - ETA: 2:09 - loss: 2.2388 - accuracy: 0.4486
 987/1105 [=========================>....] - ETA: 2:07 - loss: 2.2382 - accuracy: 0.4487
 988/1105 [=========================>....] - ETA: 2:06 - loss: 2.2379 - accuracy: 0.4488
 989/1105 [=========================>....] - ETA: 2:05 - loss: 2.2379 - accuracy: 0.4488
 990/1105 [=========================>....] - ETA: 2:04 - loss: 2.2374 - accuracy: 0.4490
 991/1105 [=========================>....] - ETA: 2:03 - loss: 2.2370 - accuracy: 0.4491
 992/1105 [=========================>....] - ETA: 2:02 - loss: 2.2369 - accuracy: 0.4491
 993/1105 [=========================>....] - ETA: 2:01 - loss: 2.2366 - accuracy: 0.4492
 994/1105 [=========================>....] - ETA: 2:00 - loss: 2.2368 - accuracy: 0.4492
 995/1105 [==========================>...] - ETA: 1:59 - loss: 2.2364 - accuracy: 0.4492
 996/1105 [==========================>...] - ETA: 1:58 - loss: 2.2362 - accuracy: 0.4492
 997/1105 [==========================>...] - ETA: 1:57 - loss: 2.2362 - accuracy: 0.4492
 998/1105 [==========================>...] - ETA: 1:56 - loss: 2.2354 - accuracy: 0.4494
 999/1105 [==========================>...] - ETA: 1:54 - loss: 2.2350 - accuracy: 0.4495
1000/1105 [==========================>...] - ETA: 1:53 - loss: 2.2344 - accuracy: 0.4495
1001/1105 [==========================>...] - ETA: 1:52 - loss: 2.2340 - accuracy: 0.4496
1002/1105 [==========================>...] - ETA: 1:51 - loss: 2.2334 - accuracy: 0.4497
1003/1105 [==========================>...] - ETA: 1:50 - loss: 2.2329 - accuracy: 0.4498
1004/1105 [==========================>...] - ETA: 1:49 - loss: 2.2327 - accuracy: 0.4499
1005/1105 [==========================>...] - ETA: 1:48 - loss: 2.2323 - accuracy: 0.4500
1006/1105 [==========================>...] - ETA: 1:47 - loss: 2.2321 - accuracy: 0.4500
1007/1105 [==========================>...] - ETA: 1:46 - loss: 2.2318 - accuracy: 0.4501
1008/1105 [==========================>...] - ETA: 1:45 - loss: 2.2313 - accuracy: 0.4501
1009/1105 [==========================>...] - ETA: 1:44 - loss: 2.2305 - accuracy: 0.4504
1010/1105 [==========================>...] - ETA: 1:43 - loss: 2.2301 - accuracy: 0.4504
1011/1105 [==========================>...] - ETA: 1:41 - loss: 2.2298 - accuracy: 0.4505
1012/1105 [==========================>...] - ETA: 1:40 - loss: 2.2296 - accuracy: 0.4505
1013/1105 [==========================>...] - ETA: 1:39 - loss: 2.2297 - accuracy: 0.4504
1014/1105 [==========================>...] - ETA: 1:38 - loss: 2.2293 - accuracy: 0.4504
1015/1105 [==========================>...] - ETA: 1:37 - loss: 2.2290 - accuracy: 0.4505
1016/1105 [==========================>...] - ETA: 1:36 - loss: 2.2285 - accuracy: 0.4506
1017/1105 [==========================>...] - ETA: 1:35 - loss: 2.2278 - accuracy: 0.4507
1018/1105 [==========================>...] - ETA: 1:34 - loss: 2.2272 - accuracy: 0.4508
1019/1105 [==========================>...] - ETA: 1:33 - loss: 2.2269 - accuracy: 0.4508
1020/1105 [==========================>...] - ETA: 1:32 - loss: 2.2266 - accuracy: 0.4509
1021/1105 [==========================>...] - ETA: 1:31 - loss: 2.2262 - accuracy: 0.4511
1022/1105 [==========================>...] - ETA: 1:30 - loss: 2.2261 - accuracy: 0.4511
1023/1105 [==========================>...] - ETA: 1:28 - loss: 2.2262 - accuracy: 0.4510
1024/1105 [==========================>...] - ETA: 1:27 - loss: 2.2265 - accuracy: 0.4510
1025/1105 [==========================>...] - ETA: 1:26 - loss: 2.2256 - accuracy: 0.4512
1026/1105 [==========================>...] - ETA: 1:25 - loss: 2.2250 - accuracy: 0.4514
1027/1105 [==========================>...] - ETA: 1:24 - loss: 2.2250 - accuracy: 0.4514
1028/1105 [==========================>...] - ETA: 1:23 - loss: 2.2244 - accuracy: 0.4514
1029/1105 [==========================>...] - ETA: 1:22 - loss: 2.2239 - accuracy: 0.4515
1030/1105 [==========================>...] - ETA: 1:21 - loss: 2.2237 - accuracy: 0.4515
1031/1105 [==========================>...] - ETA: 1:20 - loss: 2.2236 - accuracy: 0.4515
1032/1105 [===========================>..] - ETA: 1:19 - loss: 2.2235 - accuracy: 0.4516
1033/1105 [===========================>..] - ETA: 1:18 - loss: 2.2225 - accuracy: 0.4518
1034/1105 [===========================>..] - ETA: 1:17 - loss: 2.2222 - accuracy: 0.4519
1035/1105 [===========================>..] - ETA: 1:15 - loss: 2.2219 - accuracy: 0.4519
1036/1105 [===========================>..] - ETA: 1:14 - loss: 2.2217 - accuracy: 0.4519
1037/1105 [===========================>..] - ETA: 1:13 - loss: 2.2213 - accuracy: 0.4520
1038/1105 [===========================>..] - ETA: 1:12 - loss: 2.2208 - accuracy: 0.4521
1039/1105 [===========================>..] - ETA: 1:11 - loss: 2.2205 - accuracy: 0.4521
1040/1105 [===========================>..] - ETA: 1:10 - loss: 2.2200 - accuracy: 0.4522
1041/1105 [===========================>..] - ETA: 1:09 - loss: 2.2194 - accuracy: 0.4523
1042/1105 [===========================>..] - ETA: 1:08 - loss: 2.2191 - accuracy: 0.4523
1043/1105 [===========================>..] - ETA: 1:07 - loss: 2.2186 - accuracy: 0.4524
1044/1105 [===========================>..] - ETA: 1:06 - loss: 2.2186 - accuracy: 0.4525
1045/1105 [===========================>..] - ETA: 1:05 - loss: 2.2181 - accuracy: 0.4526
1046/1105 [===========================>..] - ETA: 1:03 - loss: 2.2180 - accuracy: 0.4526
1047/1105 [===========================>..] - ETA: 1:02 - loss: 2.2176 - accuracy: 0.4527
1048/1105 [===========================>..] - ETA: 1:01 - loss: 2.2176 - accuracy: 0.4527
1049/1105 [===========================>..] - ETA: 1:00 - loss: 2.2175 - accuracy: 0.4527
1050/1105 [===========================>..] - ETA: 59s - loss: 2.2173 - accuracy: 0.4528 
1051/1105 [===========================>..] - ETA: 58s - loss: 2.2169 - accuracy: 0.4529
1052/1105 [===========================>..] - ETA: 57s - loss: 2.2171 - accuracy: 0.4528
1053/1105 [===========================>..] - ETA: 56s - loss: 2.2165 - accuracy: 0.4529
1054/1105 [===========================>..] - ETA: 55s - loss: 2.2162 - accuracy: 0.4530
1055/1105 [===========================>..] - ETA: 54s - loss: 2.2159 - accuracy: 0.4530
1056/1105 [===========================>..] - ETA: 53s - loss: 2.2157 - accuracy: 0.4531
1057/1105 [===========================>..] - ETA: 52s - loss: 2.2153 - accuracy: 0.4532
1058/1105 [===========================>..] - ETA: 50s - loss: 2.2150 - accuracy: 0.4532
1059/1105 [===========================>..] - ETA: 49s - loss: 2.2148 - accuracy: 0.4533
1060/1105 [===========================>..] - ETA: 48s - loss: 2.2145 - accuracy: 0.4534
1061/1105 [===========================>..] - ETA: 47s - loss: 2.2142 - accuracy: 0.4534
1062/1105 [===========================>..] - ETA: 46s - loss: 2.2135 - accuracy: 0.4536
1063/1105 [===========================>..] - ETA: 45s - loss: 2.2128 - accuracy: 0.4537
1064/1105 [===========================>..] - ETA: 44s - loss: 2.2125 - accuracy: 0.4538
1065/1105 [===========================>..] - ETA: 43s - loss: 2.2121 - accuracy: 0.4538
1066/1105 [===========================>..] - ETA: 42s - loss: 2.2113 - accuracy: 0.4540
1067/1105 [===========================>..] - ETA: 41s - loss: 2.2112 - accuracy: 0.4539
1068/1105 [===========================>..] - ETA: 40s - loss: 2.2108 - accuracy: 0.4540
1069/1105 [============================>.] - ETA: 39s - loss: 2.2105 - accuracy: 0.4541
1070/1105 [============================>.] - ETA: 37s - loss: 2.2108 - accuracy: 0.4540
1071/1105 [============================>.] - ETA: 36s - loss: 2.2102 - accuracy: 0.4542
1072/1105 [============================>.] - ETA: 35s - loss: 2.2098 - accuracy: 0.4543
1073/1105 [============================>.] - ETA: 34s - loss: 2.2097 - accuracy: 0.4542
1074/1105 [============================>.] - ETA: 33s - loss: 2.2098 - accuracy: 0.4542
1075/1105 [============================>.] - ETA: 32s - loss: 2.2094 - accuracy: 0.4542
1076/1105 [============================>.] - ETA: 31s - loss: 2.2093 - accuracy: 0.4543
1077/1105 [============================>.] - ETA: 30s - loss: 2.2088 - accuracy: 0.4544
1078/1105 [============================>.] - ETA: 29s - loss: 2.2082 - accuracy: 0.4545
1079/1105 [============================>.] - ETA: 28s - loss: 2.2078 - accuracy: 0.4546
1080/1105 [============================>.] - ETA: 27s - loss: 2.2074 - accuracy: 0.4547
1081/1105 [============================>.] - ETA: 26s - loss: 2.2070 - accuracy: 0.4548
1082/1105 [============================>.] - ETA: 24s - loss: 2.2066 - accuracy: 0.4549
1083/1105 [============================>.] - ETA: 23s - loss: 2.2064 - accuracy: 0.4550
1084/1105 [============================>.] - ETA: 22s - loss: 2.2059 - accuracy: 0.4551
1085/1105 [============================>.] - ETA: 21s - loss: 2.2058 - accuracy: 0.4551
1086/1105 [============================>.] - ETA: 20s - loss: 2.2057 - accuracy: 0.4551
1087/1105 [============================>.] - ETA: 19s - loss: 2.2052 - accuracy: 0.4552
1088/1105 [============================>.] - ETA: 18s - loss: 2.2047 - accuracy: 0.4554
1089/1105 [============================>.] - ETA: 17s - loss: 2.2041 - accuracy: 0.4554
1090/1105 [============================>.] - ETA: 16s - loss: 2.2043 - accuracy: 0.4553
1091/1105 [============================>.] - ETA: 15s - loss: 2.2040 - accuracy: 0.4553
1092/1105 [============================>.] - ETA: 14s - loss: 2.2038 - accuracy: 0.4554
1093/1105 [============================>.] - ETA: 13s - loss: 2.2030 - accuracy: 0.4556
1094/1105 [============================>.] - ETA: 11s - loss: 2.2028 - accuracy: 0.4556
1095/1105 [============================>.] - ETA: 10s - loss: 2.2023 - accuracy: 0.4558
1096/1105 [============================>.] - ETA: 9s - loss: 2.2021 - accuracy: 0.4558 
1097/1105 [============================>.] - ETA: 8s - loss: 2.2019 - accuracy: 0.4558
1098/1105 [============================>.] - ETA: 7s - loss: 2.2018 - accuracy: 0.4558
1099/1105 [============================>.] - ETA: 6s - loss: 2.2009 - accuracy: 0.4560
1100/1105 [============================>.] - ETA: 5s - loss: 2.2005 - accuracy: 0.4561
1101/1105 [============================>.] - ETA: 4s - loss: 2.2001 - accuracy: 0.4562
1102/1105 [============================>.] - ETA: 3s - loss: 2.1996 - accuracy: 0.4563
1103/1105 [============================>.] - ETA: 2s - loss: 2.1998 - accuracy: 0.4563
1104/1105 [============================>.] - ETA: 1s - loss: 2.1998 - accuracy: 0.4563
1105/1105 [==============================] - ETA: 0s - loss: 2.1995 - accuracy: 0.4563